Requirement already satisfied: torchvision in /home/algh/.local/lib/python3.11/site-packages (0.16.2)
Requirement already satisfied: numpy in /opt/itu/easybuild/software/SciPy-bundle/2023.07-gfbf-2023a/lib/python3.11/site-packages (from torchvision) (1.25.1)
Requirement already satisfied: requests in /opt/itu/easybuild/software/Python-bundle-PyPI/2023.06-GCCcore-12.3.0/lib/python3.11/site-packages (from torchvision) (2.31.0)
Requirement already satisfied: torch==2.1.2 in /opt/itu/easybuild/software/PyTorch/2.1.2-foss-2023a-CUDA-12.1.1/lib/python3.11/site-packages (from torchvision) (2.1.2)
Requirement already satisfied: pillow!=8.3.*,>=5.3.0 in /opt/itu/easybuild/software/Pillow/10.0.0-GCCcore-12.3.0/lib/python3.11/site-packages (from torchvision) (10.0.0)
Requirement already satisfied: filelock in /opt/itu/easybuild/software/Python-bundle-PyPI/2023.06-GCCcore-12.3.0/lib/python3.11/site-packages (from torch==2.1.2->torchvision) (3.12.2)
Requirement already satisfied: typing-extensions in /home/algh/.local/lib/python3.11/site-packages (from torch==2.1.2->torchvision) (4.15.0)
Requirement already satisfied: sympy in /opt/itu/easybuild/software/sympy/1.12-gfbf-2023a/lib/python3.11/site-packages (from torch==2.1.2->torchvision) (1.12)
Requirement already satisfied: networkx in /opt/itu/easybuild/software/networkx/3.1-gfbf-2023a/lib/python3.11/site-packages (from torch==2.1.2->torchvision) (3.1)
Requirement already satisfied: jinja2 in /opt/itu/easybuild/software/Python-bundle-PyPI/2023.06-GCCcore-12.3.0/lib/python3.11/site-packages (from torch==2.1.2->torchvision) (3.1.2)
Requirement already satisfied: fsspec in /opt/itu/easybuild/software/Python-bundle-PyPI/2023.06-GCCcore-12.3.0/lib/python3.11/site-packages (from torch==2.1.2->torchvision) (2023.6.0)
Requirement already satisfied: MarkupSafe>=2.0 in /opt/itu/easybuild/software/Python-bundle-PyPI/2023.06-GCCcore-12.3.0/lib/python3.11/site-packages (from jinja2->torch==2.1.2->torchvision) (2.1.3)
Requirement already satisfied: charset-normalizer<4,>=2 in /opt/itu/easybuild/software/Python-bundle-PyPI/2023.06-GCCcore-12.3.0/lib/python3.11/site-packages (from requests->torchvision) (3.1.0)
Requirement already satisfied: idna<4,>=2.5 in /opt/itu/easybuild/software/Python-bundle-PyPI/2023.06-GCCcore-12.3.0/lib/python3.11/site-packages (from requests->torchvision) (3.4)
Requirement already satisfied: urllib3<3,>=1.21.1 in /opt/itu/easybuild/software/Python-bundle-PyPI/2023.06-GCCcore-12.3.0/lib/python3.11/site-packages (from requests->torchvision) (1.26.16)
Requirement already satisfied: certifi>=2017.4.17 in /opt/itu/easybuild/software/Python-bundle-PyPI/2023.06-GCCcore-12.3.0/lib/python3.11/site-packages (from requests->torchvision) (2023.5.7)
Requirement already satisfied: mpmath>=0.19 in /opt/itu/easybuild/software/SciPy-bundle/2023.07-gfbf-2023a/lib/python3.11/site-packages (from sympy->torch==2.1.2->torchvision) (1.3.0)
/home/algh/.local/lib/python3.11/site-packages/torchvision/io/image.py:13: UserWarning: Failed to load image Python extension: '/home/algh/.local/lib/python3.11/site-packages/torchvision/image.so: undefined symbol: _ZN3c106detail23torchInternalAssertFailEPKcS2_jS2_RKSs'If you don't plan on using image functionality from `torchvision.io`, you can ignore this warning. Otherwise, there might be something wrong with your environment. Did you have `libjpeg` or `libpng` installed before building `torchvision` from source?
  warn(
[CIFAR] Using device: cuda, arch=base, saving to results_cifar/cifar_lrG0.0002_lrD0.0002_z200_bs256_base_20251019_025641
Files already downloaded and verified
Traceback (most recent call last):
  File "/home/algh/computer-vision/exercises/AMLCV/week7/train_gan_cifar_arch.py", line 107, in <module>
    d_real = criterion(D(real), valid)
                       ^^^^^^^
  File "/opt/itu/easybuild/software/PyTorch/2.1.2-foss-2023a-CUDA-12.1.1/lib/python3.11/site-packages/torch/nn/modules/module.py", line 1518, in _wrapped_call_impl
    return self._call_impl(*args, **kwargs)
           ^^^^^^^^^^^^^^^^^^^^^^^^^^^^^^^^
  File "/opt/itu/easybuild/software/PyTorch/2.1.2-foss-2023a-CUDA-12.1.1/lib/python3.11/site-packages/torch/nn/modules/module.py", line 1527, in _call_impl
    return forward_call(*args, **kwargs)
           ^^^^^^^^^^^^^^^^^^^^^^^^^^^^^
  File "/home/algh/computer-vision/exercises/AMLCV/week7/train_gan_cifar_arch.py", line 81, in forward
    def forward(self,x): return self.model(x)
                                ^^^^^^^^^^^^^
  File "/opt/itu/easybuild/software/PyTorch/2.1.2-foss-2023a-CUDA-12.1.1/lib/python3.11/site-packages/torch/nn/modules/module.py", line 1518, in _wrapped_call_impl
    return self._call_impl(*args, **kwargs)
           ^^^^^^^^^^^^^^^^^^^^^^^^^^^^^^^^
  File "/opt/itu/easybuild/software/PyTorch/2.1.2-foss-2023a-CUDA-12.1.1/lib/python3.11/site-packages/torch/nn/modules/module.py", line 1527, in _call_impl
    return forward_call(*args, **kwargs)
           ^^^^^^^^^^^^^^^^^^^^^^^^^^^^^
  File "/opt/itu/easybuild/software/PyTorch/2.1.2-foss-2023a-CUDA-12.1.1/lib/python3.11/site-packages/torch/nn/modules/container.py", line 215, in forward
    input = module(input)
            ^^^^^^^^^^^^^
  File "/opt/itu/easybuild/software/PyTorch/2.1.2-foss-2023a-CUDA-12.1.1/lib/python3.11/site-packages/torch/nn/modules/module.py", line 1518, in _wrapped_call_impl
    return self._call_impl(*args, **kwargs)
           ^^^^^^^^^^^^^^^^^^^^^^^^^^^^^^^^
  File "/opt/itu/easybuild/software/PyTorch/2.1.2-foss-2023a-CUDA-12.1.1/lib/python3.11/site-packages/torch/nn/modules/module.py", line 1527, in _call_impl
    return forward_call(*args, **kwargs)
           ^^^^^^^^^^^^^^^^^^^^^^^^^^^^^
  File "/opt/itu/easybuild/software/PyTorch/2.1.2-foss-2023a-CUDA-12.1.1/lib/python3.11/site-packages/torch/nn/modules/conv.py", line 460, in forward
    return self._conv_forward(input, self.weight, self.bias)
           ^^^^^^^^^^^^^^^^^^^^^^^^^^^^^^^^^^^^^^^^^^^^^^^^^
  File "/opt/itu/easybuild/software/PyTorch/2.1.2-foss-2023a-CUDA-12.1.1/lib/python3.11/site-packages/torch/nn/modules/conv.py", line 456, in _conv_forward
    return F.conv2d(input, weight, bias, self.stride,
           ^^^^^^^^^^^^^^^^^^^^^^^^^^^^^^^^^^^^^^^^^^
RuntimeError: Given groups=1, weight of size [128, 64, 3, 3], expected input[256, 32, 16, 16] to have 64 channels, but got 32 channels instead
