Requirement already satisfied: torchvision in /home/algh/.local/lib/python3.11/site-packages (0.16.2)
Requirement already satisfied: numpy in /opt/itu/easybuild/software/SciPy-bundle/2023.07-gfbf-2023a/lib/python3.11/site-packages (from torchvision) (1.25.1)
Requirement already satisfied: requests in /opt/itu/easybuild/software/Python-bundle-PyPI/2023.06-GCCcore-12.3.0/lib/python3.11/site-packages (from torchvision) (2.31.0)
Requirement already satisfied: torch==2.1.2 in /opt/itu/easybuild/software/PyTorch/2.1.2-foss-2023a-CUDA-12.1.1/lib/python3.11/site-packages (from torchvision) (2.1.2)
Requirement already satisfied: pillow!=8.3.*,>=5.3.0 in /opt/itu/easybuild/software/Pillow/10.0.0-GCCcore-12.3.0/lib/python3.11/site-packages (from torchvision) (10.0.0)
Requirement already satisfied: filelock in /opt/itu/easybuild/software/Python-bundle-PyPI/2023.06-GCCcore-12.3.0/lib/python3.11/site-packages (from torch==2.1.2->torchvision) (3.12.2)
Requirement already satisfied: typing-extensions in /home/algh/.local/lib/python3.11/site-packages (from torch==2.1.2->torchvision) (4.15.0)
Requirement already satisfied: sympy in /opt/itu/easybuild/software/sympy/1.12-gfbf-2023a/lib/python3.11/site-packages (from torch==2.1.2->torchvision) (1.12)
Requirement already satisfied: networkx in /opt/itu/easybuild/software/networkx/3.1-gfbf-2023a/lib/python3.11/site-packages (from torch==2.1.2->torchvision) (3.1)
Requirement already satisfied: jinja2 in /opt/itu/easybuild/software/Python-bundle-PyPI/2023.06-GCCcore-12.3.0/lib/python3.11/site-packages (from torch==2.1.2->torchvision) (3.1.2)
Requirement already satisfied: fsspec in /opt/itu/easybuild/software/Python-bundle-PyPI/2023.06-GCCcore-12.3.0/lib/python3.11/site-packages (from torch==2.1.2->torchvision) (2023.6.0)
Requirement already satisfied: MarkupSafe>=2.0 in /opt/itu/easybuild/software/Python-bundle-PyPI/2023.06-GCCcore-12.3.0/lib/python3.11/site-packages (from jinja2->torch==2.1.2->torchvision) (2.1.3)
Requirement already satisfied: charset-normalizer<4,>=2 in /opt/itu/easybuild/software/Python-bundle-PyPI/2023.06-GCCcore-12.3.0/lib/python3.11/site-packages (from requests->torchvision) (3.1.0)
Requirement already satisfied: idna<4,>=2.5 in /opt/itu/easybuild/software/Python-bundle-PyPI/2023.06-GCCcore-12.3.0/lib/python3.11/site-packages (from requests->torchvision) (3.4)
Requirement already satisfied: urllib3<3,>=1.21.1 in /opt/itu/easybuild/software/Python-bundle-PyPI/2023.06-GCCcore-12.3.0/lib/python3.11/site-packages (from requests->torchvision) (1.26.16)
Requirement already satisfied: certifi>=2017.4.17 in /opt/itu/easybuild/software/Python-bundle-PyPI/2023.06-GCCcore-12.3.0/lib/python3.11/site-packages (from requests->torchvision) (2023.5.7)
Requirement already satisfied: mpmath>=0.19 in /opt/itu/easybuild/software/SciPy-bundle/2023.07-gfbf-2023a/lib/python3.11/site-packages (from sympy->torch==2.1.2->torchvision) (1.3.0)
/home/algh/.local/lib/python3.11/site-packages/torchvision/io/image.py:13: UserWarning: Failed to load image Python extension: '/home/algh/.local/lib/python3.11/site-packages/torchvision/image.so: undefined symbol: _ZN3c106detail23torchInternalAssertFailEPKcS2_jS2_RKSs'If you don't plan on using image functionality from `torchvision.io`, you can ignore this warning. Otherwise, there might be something wrong with your environment. Did you have `libjpeg` or `libpng` installed before building `torchvision` from source?
  warn(
[MNIST] Using device: cuda, arch=base, saving to results_mnist/mnist_lrG0.0002_lrD0.0002_z200_bs256_base_20251019_022141
Downloading http://yann.lecun.com/exdb/mnist/train-images-idx3-ubyte.gz
Failed to download (trying next):
HTTP Error 404: Not Found

Downloading https://ossci-datasets.s3.amazonaws.com/mnist/train-images-idx3-ubyte.gz
Downloading https://ossci-datasets.s3.amazonaws.com/mnist/train-images-idx3-ubyte.gz to ./data_mnist/MNIST/raw/train-images-idx3-ubyte.gz
  0%|          | 0/9912422 [00:00<?, ?it/s]  1%|          | 65536/9912422 [00:00<00:24, 397026.19it/s]  3%|▎         | 262144/9912422 [00:00<00:12, 786646.92it/s] 12%|█▏        | 1179648/9912422 [00:00<00:03, 2660941.88it/s] 39%|███▉      | 3899392/9912422 [00:00<00:00, 9016471.34it/s] 79%|███████▉  | 7831552/9912422 [00:00<00:00, 13851744.77it/s] 95%|█████████▍| 9371648/9912422 [00:00<00:00, 13953628.74it/s]100%|██████████| 9912422/9912422 [00:00<00:00, 10250444.65it/s]
Extracting ./data_mnist/MNIST/raw/train-images-idx3-ubyte.gz to ./data_mnist/MNIST/raw

Downloading http://yann.lecun.com/exdb/mnist/train-labels-idx1-ubyte.gz
Using downloaded and verified file: ./data_mnist/MNIST/raw/train-labels-idx1-ubyte.gz
Extracting ./data_mnist/MNIST/raw/train-labels-idx1-ubyte.gz to ./data_mnist/MNIST/raw

Downloading http://yann.lecun.com/exdb/mnist/t10k-images-idx3-ubyte.gz
Failed to download (trying next):
HTTP Error 404: Not Found

Downloading https://ossci-datasets.s3.amazonaws.com/mnist/t10k-images-idx3-ubyte.gz
Downloading https://ossci-datasets.s3.amazonaws.com/mnist/t10k-images-idx3-ubyte.gz to ./data_mnist/MNIST/raw/t10k-images-idx3-ubyte.gz
  0%|          | 0/1648877 [00:00<?, ?it/s]  6%|▌         | 98304/1648877 [00:00<00:03, 512691.63it/s] 24%|██▍       | 393216/1648877 [00:00<00:01, 1110574.96it/s] 95%|█████████▌| 1572864/1648877 [00:00<00:00, 3918173.22it/s]100%|██████████| 1648877/1648877 [00:00<00:00, 2849899.66it/s]
Extracting ./data_mnist/MNIST/raw/t10k-images-idx3-ubyte.gz to ./data_mnist/MNIST/raw

Downloading http://yann.lecun.com/exdb/mnist/t10k-labels-idx1-ubyte.gz
Failed to download (trying next):
HTTP Error 404: Not Found

Downloading https://ossci-datasets.s3.amazonaws.com/mnist/t10k-labels-idx1-ubyte.gz
Downloading https://ossci-datasets.s3.amazonaws.com/mnist/t10k-labels-idx1-ubyte.gz to ./data_mnist/MNIST/raw/t10k-labels-idx1-ubyte.gz
  0%|          | 0/4542 [00:00<?, ?it/s]100%|██████████| 4542/4542 [00:00<00:00, 8459382.22it/s]
Extracting ./data_mnist/MNIST/raw/t10k-labels-idx1-ubyte.gz to ./data_mnist/MNIST/raw

Epoch 1/10 | D 0.958 | G 0.885
Epoch 2/10 | D 0.882 | G 0.773
Epoch 3/10 | D 0.651 | G 1.388
Epoch 4/10 | D 0.714 | G 1.473
Epoch 5/10 | D 0.782 | G 0.956
Epoch 6/10 | D 0.665 | G 1.321
Epoch 7/10 | D 0.625 | G 1.555
Epoch 8/10 | D 0.760 | G 0.968
Epoch 9/10 | D 0.688 | G 1.681
Epoch 10/10 | D 0.667 | G 1.434
