Requirement already satisfied: torchvision in /home/algh/.local/lib/python3.11/site-packages (0.16.2)
Requirement already satisfied: accelerate in /home/algh/.local/lib/python3.11/site-packages (0.25.0)
Requirement already satisfied: datasets in /home/algh/.local/lib/python3.11/site-packages (2.18.0)
Requirement already satisfied: transformers in /home/algh/.local/lib/python3.11/site-packages (4.36.2)
Requirement already satisfied: numpy in /opt/itu/easybuild/software/SciPy-bundle/2023.07-gfbf-2023a/lib/python3.11/site-packages (from torchvision) (1.25.1)
Requirement already satisfied: requests in /opt/itu/easybuild/software/Python-bundle-PyPI/2023.06-GCCcore-12.3.0/lib/python3.11/site-packages (from torchvision) (2.31.0)
Requirement already satisfied: torch==2.1.2 in /opt/itu/easybuild/software/PyTorch/2.1.2-foss-2023a-CUDA-12.1.1/lib/python3.11/site-packages (from torchvision) (2.1.2)
Requirement already satisfied: pillow!=8.3.*,>=5.3.0 in /opt/itu/easybuild/software/Pillow/10.0.0-GCCcore-12.3.0/lib/python3.11/site-packages (from torchvision) (10.0.0)
Requirement already satisfied: filelock in /opt/itu/easybuild/software/Python-bundle-PyPI/2023.06-GCCcore-12.3.0/lib/python3.11/site-packages (from torch==2.1.2->torchvision) (3.12.2)
Requirement already satisfied: typing-extensions in /home/algh/.local/lib/python3.11/site-packages (from torch==2.1.2->torchvision) (4.15.0)
Requirement already satisfied: sympy in /opt/itu/easybuild/software/sympy/1.12-gfbf-2023a/lib/python3.11/site-packages (from torch==2.1.2->torchvision) (1.12)
Requirement already satisfied: networkx in /opt/itu/easybuild/software/networkx/3.1-gfbf-2023a/lib/python3.11/site-packages (from torch==2.1.2->torchvision) (3.1)
Requirement already satisfied: jinja2 in /opt/itu/easybuild/software/Python-bundle-PyPI/2023.06-GCCcore-12.3.0/lib/python3.11/site-packages (from torch==2.1.2->torchvision) (3.1.2)
Requirement already satisfied: fsspec in /opt/itu/easybuild/software/Python-bundle-PyPI/2023.06-GCCcore-12.3.0/lib/python3.11/site-packages (from torch==2.1.2->torchvision) (2023.6.0)
Requirement already satisfied: packaging>=20.0 in /opt/itu/easybuild/software/Python-bundle-PyPI/2023.06-GCCcore-12.3.0/lib/python3.11/site-packages (from accelerate) (23.1)
Requirement already satisfied: psutil in /opt/itu/easybuild/software/Python-bundle-PyPI/2023.06-GCCcore-12.3.0/lib/python3.11/site-packages (from accelerate) (5.9.5)
Requirement already satisfied: pyyaml in /opt/itu/easybuild/software/PyYAML/6.0-GCCcore-12.3.0/lib/python3.11/site-packages (from accelerate) (6.0)
Requirement already satisfied: huggingface-hub in /home/algh/.local/lib/python3.11/site-packages (from accelerate) (0.35.3)
Requirement already satisfied: safetensors>=0.3.1 in /home/algh/.local/lib/python3.11/site-packages (from accelerate) (0.6.2)
Requirement already satisfied: pyarrow>=12.0.0 in /home/algh/.local/lib/python3.11/site-packages (from datasets) (21.0.0)
Requirement already satisfied: pyarrow-hotfix in /home/algh/.local/lib/python3.11/site-packages (from datasets) (0.7)
Requirement already satisfied: dill<0.3.9,>=0.3.0 in /home/algh/.local/lib/python3.11/site-packages (from datasets) (0.3.8)
Requirement already satisfied: pandas in /opt/itu/easybuild/software/SciPy-bundle/2023.07-gfbf-2023a/lib/python3.11/site-packages (from datasets) (2.0.3)
Requirement already satisfied: tqdm>=4.62.1 in /home/algh/.local/lib/python3.11/site-packages (from datasets) (4.67.1)
Requirement already satisfied: xxhash in /home/algh/.local/lib/python3.11/site-packages (from datasets) (3.6.0)
Requirement already satisfied: multiprocess in /home/algh/.local/lib/python3.11/site-packages (from datasets) (0.70.16)
Requirement already satisfied: aiohttp in /home/algh/.local/lib/python3.11/site-packages (from datasets) (3.12.15)
Requirement already satisfied: regex!=2019.12.17 in /opt/itu/easybuild/software/Python-bundle-PyPI/2023.06-GCCcore-12.3.0/lib/python3.11/site-packages (from transformers) (2023.6.3)
Requirement already satisfied: tokenizers<0.19,>=0.14 in /home/algh/.local/lib/python3.11/site-packages (from transformers) (0.15.2)
Requirement already satisfied: hf-xet<2.0.0,>=1.1.3 in /home/algh/.local/lib/python3.11/site-packages (from huggingface-hub->accelerate) (1.1.10)
Requirement already satisfied: aiohappyeyeballs>=2.5.0 in /home/algh/.local/lib/python3.11/site-packages (from aiohttp->datasets) (2.6.1)
Requirement already satisfied: aiosignal>=1.4.0 in /home/algh/.local/lib/python3.11/site-packages (from aiohttp->datasets) (1.4.0)
Requirement already satisfied: attrs>=17.3.0 in /opt/itu/easybuild/software/Python-bundle-PyPI/2023.06-GCCcore-12.3.0/lib/python3.11/site-packages (from aiohttp->datasets) (23.1.0)
Requirement already satisfied: frozenlist>=1.1.1 in /home/algh/.local/lib/python3.11/site-packages (from aiohttp->datasets) (1.7.0)
Requirement already satisfied: multidict<7.0,>=4.5 in /home/algh/.local/lib/python3.11/site-packages (from aiohttp->datasets) (6.6.4)
Requirement already satisfied: propcache>=0.2.0 in /home/algh/.local/lib/python3.11/site-packages (from aiohttp->datasets) (0.3.2)
Requirement already satisfied: yarl<2.0,>=1.17.0 in /home/algh/.local/lib/python3.11/site-packages (from aiohttp->datasets) (1.20.1)
Requirement already satisfied: idna>=2.0 in /opt/itu/easybuild/software/Python-bundle-PyPI/2023.06-GCCcore-12.3.0/lib/python3.11/site-packages (from yarl<2.0,>=1.17.0->aiohttp->datasets) (3.4)
Requirement already satisfied: charset-normalizer<4,>=2 in /opt/itu/easybuild/software/Python-bundle-PyPI/2023.06-GCCcore-12.3.0/lib/python3.11/site-packages (from requests->torchvision) (3.1.0)
Requirement already satisfied: urllib3<3,>=1.21.1 in /opt/itu/easybuild/software/Python-bundle-PyPI/2023.06-GCCcore-12.3.0/lib/python3.11/site-packages (from requests->torchvision) (1.26.16)
Requirement already satisfied: certifi>=2017.4.17 in /opt/itu/easybuild/software/Python-bundle-PyPI/2023.06-GCCcore-12.3.0/lib/python3.11/site-packages (from requests->torchvision) (2023.5.7)
Requirement already satisfied: MarkupSafe>=2.0 in /opt/itu/easybuild/software/Python-bundle-PyPI/2023.06-GCCcore-12.3.0/lib/python3.11/site-packages (from jinja2->torch==2.1.2->torchvision) (2.1.3)
Requirement already satisfied: python-dateutil>=2.8.2 in /opt/itu/easybuild/software/Python-bundle-PyPI/2023.06-GCCcore-12.3.0/lib/python3.11/site-packages (from pandas->datasets) (2.8.2)
Requirement already satisfied: pytz>=2020.1 in /opt/itu/easybuild/software/Python-bundle-PyPI/2023.06-GCCcore-12.3.0/lib/python3.11/site-packages (from pandas->datasets) (2023.3)
Requirement already satisfied: tzdata>=2022.1 in /opt/itu/easybuild/software/SciPy-bundle/2023.07-gfbf-2023a/lib/python3.11/site-packages (from pandas->datasets) (2023.3)
Requirement already satisfied: six>=1.5 in /opt/itu/easybuild/software/Python-bundle-PyPI/2023.06-GCCcore-12.3.0/lib/python3.11/site-packages (from python-dateutil>=2.8.2->pandas->datasets) (1.16.0)
Requirement already satisfied: mpmath>=0.19 in /opt/itu/easybuild/software/SciPy-bundle/2023.07-gfbf-2023a/lib/python3.11/site-packages (from sympy->torch==2.1.2->torchvision) (1.3.0)
Loading CIFAR-10 dataset...
Train: 45000 | Val: 5000 | Test: 10000
Testing dataset...
Sample keys: ['pixel_values', 'labels']
Pixel values shape: torch.Size([3, 224, 224])
Label: tensor(4)

Loading pretrained ViT model...
Backbone frozen. Only classifier layer will be fine-tuned.
Trainable parameters: 7,690/85,806,346 (0.01%)
