Requirement already satisfied: torchvision in /home/algh/.local/lib/python3.11/site-packages (0.16.2)
Requirement already satisfied: accelerate in /home/algh/.local/lib/python3.11/site-packages (0.25.0)
Requirement already satisfied: datasets in /home/algh/.local/lib/python3.11/site-packages (2.18.0)
Requirement already satisfied: transformers in /home/algh/.local/lib/python3.11/site-packages (4.36.2)
Requirement already satisfied: numpy in /opt/itu/easybuild/software/SciPy-bundle/2023.07-gfbf-2023a/lib/python3.11/site-packages (from torchvision) (1.25.1)
Requirement already satisfied: requests in /opt/itu/easybuild/software/Python-bundle-PyPI/2023.06-GCCcore-12.3.0/lib/python3.11/site-packages (from torchvision) (2.31.0)
Requirement already satisfied: torch==2.1.2 in /opt/itu/easybuild/software/PyTorch/2.1.2-foss-2023a-CUDA-12.1.1/lib/python3.11/site-packages (from torchvision) (2.1.2)
Requirement already satisfied: pillow!=8.3.*,>=5.3.0 in /opt/itu/easybuild/software/Pillow/10.0.0-GCCcore-12.3.0/lib/python3.11/site-packages (from torchvision) (10.0.0)
Requirement already satisfied: filelock in /opt/itu/easybuild/software/Python-bundle-PyPI/2023.06-GCCcore-12.3.0/lib/python3.11/site-packages (from torch==2.1.2->torchvision) (3.12.2)
Requirement already satisfied: typing-extensions in /home/algh/.local/lib/python3.11/site-packages (from torch==2.1.2->torchvision) (4.15.0)
Requirement already satisfied: sympy in /opt/itu/easybuild/software/sympy/1.12-gfbf-2023a/lib/python3.11/site-packages (from torch==2.1.2->torchvision) (1.12)
Requirement already satisfied: networkx in /opt/itu/easybuild/software/networkx/3.1-gfbf-2023a/lib/python3.11/site-packages (from torch==2.1.2->torchvision) (3.1)
Requirement already satisfied: jinja2 in /opt/itu/easybuild/software/Python-bundle-PyPI/2023.06-GCCcore-12.3.0/lib/python3.11/site-packages (from torch==2.1.2->torchvision) (3.1.2)
Requirement already satisfied: fsspec in /opt/itu/easybuild/software/Python-bundle-PyPI/2023.06-GCCcore-12.3.0/lib/python3.11/site-packages (from torch==2.1.2->torchvision) (2023.6.0)
Requirement already satisfied: packaging>=20.0 in /opt/itu/easybuild/software/Python-bundle-PyPI/2023.06-GCCcore-12.3.0/lib/python3.11/site-packages (from accelerate) (23.1)
Requirement already satisfied: psutil in /opt/itu/easybuild/software/Python-bundle-PyPI/2023.06-GCCcore-12.3.0/lib/python3.11/site-packages (from accelerate) (5.9.5)
Requirement already satisfied: pyyaml in /opt/itu/easybuild/software/PyYAML/6.0-GCCcore-12.3.0/lib/python3.11/site-packages (from accelerate) (6.0)
Requirement already satisfied: huggingface-hub in /home/algh/.local/lib/python3.11/site-packages (from accelerate) (0.35.3)
Requirement already satisfied: safetensors>=0.3.1 in /home/algh/.local/lib/python3.11/site-packages (from accelerate) (0.6.2)
Requirement already satisfied: pyarrow>=12.0.0 in /home/algh/.local/lib/python3.11/site-packages (from datasets) (21.0.0)
Requirement already satisfied: pyarrow-hotfix in /home/algh/.local/lib/python3.11/site-packages (from datasets) (0.7)
Requirement already satisfied: dill<0.3.9,>=0.3.0 in /home/algh/.local/lib/python3.11/site-packages (from datasets) (0.3.8)
Requirement already satisfied: pandas in /opt/itu/easybuild/software/SciPy-bundle/2023.07-gfbf-2023a/lib/python3.11/site-packages (from datasets) (2.0.3)
Requirement already satisfied: tqdm>=4.62.1 in /home/algh/.local/lib/python3.11/site-packages (from datasets) (4.67.1)
Requirement already satisfied: xxhash in /home/algh/.local/lib/python3.11/site-packages (from datasets) (3.6.0)
Requirement already satisfied: multiprocess in /home/algh/.local/lib/python3.11/site-packages (from datasets) (0.70.16)
Requirement already satisfied: aiohttp in /home/algh/.local/lib/python3.11/site-packages (from datasets) (3.12.15)
Requirement already satisfied: regex!=2019.12.17 in /opt/itu/easybuild/software/Python-bundle-PyPI/2023.06-GCCcore-12.3.0/lib/python3.11/site-packages (from transformers) (2023.6.3)
Requirement already satisfied: tokenizers<0.19,>=0.14 in /home/algh/.local/lib/python3.11/site-packages (from transformers) (0.15.2)
Requirement already satisfied: hf-xet<2.0.0,>=1.1.3 in /home/algh/.local/lib/python3.11/site-packages (from huggingface-hub->accelerate) (1.1.10)
Requirement already satisfied: aiohappyeyeballs>=2.5.0 in /home/algh/.local/lib/python3.11/site-packages (from aiohttp->datasets) (2.6.1)
Requirement already satisfied: aiosignal>=1.4.0 in /home/algh/.local/lib/python3.11/site-packages (from aiohttp->datasets) (1.4.0)
Requirement already satisfied: attrs>=17.3.0 in /opt/itu/easybuild/software/Python-bundle-PyPI/2023.06-GCCcore-12.3.0/lib/python3.11/site-packages (from aiohttp->datasets) (23.1.0)
Requirement already satisfied: frozenlist>=1.1.1 in /home/algh/.local/lib/python3.11/site-packages (from aiohttp->datasets) (1.7.0)
Requirement already satisfied: multidict<7.0,>=4.5 in /home/algh/.local/lib/python3.11/site-packages (from aiohttp->datasets) (6.6.4)
Requirement already satisfied: propcache>=0.2.0 in /home/algh/.local/lib/python3.11/site-packages (from aiohttp->datasets) (0.3.2)
Requirement already satisfied: yarl<2.0,>=1.17.0 in /home/algh/.local/lib/python3.11/site-packages (from aiohttp->datasets) (1.20.1)
Requirement already satisfied: idna>=2.0 in /opt/itu/easybuild/software/Python-bundle-PyPI/2023.06-GCCcore-12.3.0/lib/python3.11/site-packages (from yarl<2.0,>=1.17.0->aiohttp->datasets) (3.4)
Requirement already satisfied: charset-normalizer<4,>=2 in /opt/itu/easybuild/software/Python-bundle-PyPI/2023.06-GCCcore-12.3.0/lib/python3.11/site-packages (from requests->torchvision) (3.1.0)
Requirement already satisfied: urllib3<3,>=1.21.1 in /opt/itu/easybuild/software/Python-bundle-PyPI/2023.06-GCCcore-12.3.0/lib/python3.11/site-packages (from requests->torchvision) (1.26.16)
Requirement already satisfied: certifi>=2017.4.17 in /opt/itu/easybuild/software/Python-bundle-PyPI/2023.06-GCCcore-12.3.0/lib/python3.11/site-packages (from requests->torchvision) (2023.5.7)
Requirement already satisfied: MarkupSafe>=2.0 in /opt/itu/easybuild/software/Python-bundle-PyPI/2023.06-GCCcore-12.3.0/lib/python3.11/site-packages (from jinja2->torch==2.1.2->torchvision) (2.1.3)
Requirement already satisfied: python-dateutil>=2.8.2 in /opt/itu/easybuild/software/Python-bundle-PyPI/2023.06-GCCcore-12.3.0/lib/python3.11/site-packages (from pandas->datasets) (2.8.2)
Requirement already satisfied: pytz>=2020.1 in /opt/itu/easybuild/software/Python-bundle-PyPI/2023.06-GCCcore-12.3.0/lib/python3.11/site-packages (from pandas->datasets) (2023.3)
Requirement already satisfied: tzdata>=2022.1 in /opt/itu/easybuild/software/SciPy-bundle/2023.07-gfbf-2023a/lib/python3.11/site-packages (from pandas->datasets) (2023.3)
Requirement already satisfied: six>=1.5 in /opt/itu/easybuild/software/Python-bundle-PyPI/2023.06-GCCcore-12.3.0/lib/python3.11/site-packages (from python-dateutil>=2.8.2->pandas->datasets) (1.16.0)
Requirement already satisfied: mpmath>=0.19 in /opt/itu/easybuild/software/SciPy-bundle/2023.07-gfbf-2023a/lib/python3.11/site-packages (from sympy->torch==2.1.2->torchvision) (1.3.0)
Loading CIFAR-10 dataset...
Train: 45000 | Val: 5000 | Test: 10000
Testing dataset...
Sample keys: ['pixel_values', 'labels']
Pixel values shape: torch.Size([3, 224, 224])
Label: tensor(4)

Loading pretrained ViT model...
Backbone frozen. Only classifier layer will be fine-tuned.
Trainable parameters: 7,690/85,806,346 (0.01%)

Training pretrained ViT (fine-tuning)...
{'loss': 5.286, 'learning_rate': 4.991107158737217e-06, 'epoch': 0.02}
{'loss': 4.9939, 'learning_rate': 4.979991107158737e-06, 'epoch': 0.04}
{'loss': 4.8447, 'learning_rate': 4.968875055580258e-06, 'epoch': 0.07}
{'loss': 4.3875, 'learning_rate': 4.957759004001779e-06, 'epoch': 0.09}
{'loss': 4.0526, 'learning_rate': 4.9466429524233e-06, 'epoch': 0.11}
{'loss': 3.9106, 'learning_rate': 4.935526900844821e-06, 'epoch': 0.13}
{'loss': 3.8444, 'learning_rate': 4.9244108492663416e-06, 'epoch': 0.16}
{'loss': 3.6331, 'learning_rate': 4.913294797687862e-06, 'epoch': 0.18}
{'loss': 3.3032, 'learning_rate': 4.9021787461093825e-06, 'epoch': 0.2}
{'loss': 3.1433, 'learning_rate': 4.891062694530903e-06, 'epoch': 0.22}
{'loss': 2.9635, 'learning_rate': 4.879946642952424e-06, 'epoch': 0.24}
{'loss': 2.8937, 'learning_rate': 4.868830591373944e-06, 'epoch': 0.27}
{'loss': 2.7324, 'learning_rate': 4.857714539795465e-06, 'epoch': 0.29}
{'loss': 2.4888, 'learning_rate': 4.846598488216986e-06, 'epoch': 0.31}
{'loss': 2.5653, 'learning_rate': 4.835482436638506e-06, 'epoch': 0.33}
{'loss': 2.2372, 'learning_rate': 4.824366385060027e-06, 'epoch': 0.36}
{'loss': 2.1473, 'learning_rate': 4.813250333481548e-06, 'epoch': 0.38}
{'loss': 2.1311, 'learning_rate': 4.802134281903069e-06, 'epoch': 0.4}
{'loss': 2.1526, 'learning_rate': 4.791018230324589e-06, 'epoch': 0.42}
{'loss': 1.8789, 'learning_rate': 4.77990217874611e-06, 'epoch': 0.44}
{'loss': 1.8963, 'learning_rate': 4.7687861271676305e-06, 'epoch': 0.47}
{'loss': 1.8631, 'learning_rate': 4.757670075589151e-06, 'epoch': 0.49}
{'loss': 1.7869, 'learning_rate': 4.7465540240106714e-06, 'epoch': 0.51}
{'loss': 1.7363, 'learning_rate': 4.735437972432192e-06, 'epoch': 0.53}
{'loss': 1.6517, 'learning_rate': 4.724321920853713e-06, 'epoch': 0.56}
{'loss': 1.5001, 'learning_rate': 4.713205869275233e-06, 'epoch': 0.58}
{'loss': 1.5601, 'learning_rate': 4.702089817696754e-06, 'epoch': 0.6}
{'loss': 1.4165, 'learning_rate': 4.690973766118275e-06, 'epoch': 0.62}
{'loss': 1.344, 'learning_rate': 4.679857714539796e-06, 'epoch': 0.64}
{'loss': 1.385, 'learning_rate': 4.668741662961317e-06, 'epoch': 0.67}
{'loss': 1.3815, 'learning_rate': 4.657625611382837e-06, 'epoch': 0.69}
{'loss': 1.2683, 'learning_rate': 4.646509559804358e-06, 'epoch': 0.71}
{'loss': 1.1808, 'learning_rate': 4.6353935082258786e-06, 'epoch': 0.73}
{'loss': 1.2222, 'learning_rate': 4.6242774566473994e-06, 'epoch': 0.76}
{'loss': 1.1845, 'learning_rate': 4.61316140506892e-06, 'epoch': 0.78}
{'loss': 1.0626, 'learning_rate': 4.602045353490441e-06, 'epoch': 0.8}
{'loss': 0.9653, 'learning_rate': 4.590929301911961e-06, 'epoch': 0.82}
{'loss': 0.9277, 'learning_rate': 4.579813250333482e-06, 'epoch': 0.84}
{'loss': 0.9695, 'learning_rate': 4.568697198755003e-06, 'epoch': 0.87}
{'loss': 1.0414, 'learning_rate': 4.557581147176523e-06, 'epoch': 0.89}
{'loss': 0.9911, 'learning_rate': 4.546465095598044e-06, 'epoch': 0.91}
{'loss': 0.9051, 'learning_rate': 4.535349044019565e-06, 'epoch': 0.93}
{'loss': 0.8091, 'learning_rate': 4.524232992441086e-06, 'epoch': 0.96}
{'loss': 0.9099, 'learning_rate': 4.513116940862606e-06, 'epoch': 0.98}
{'loss': 0.734, 'learning_rate': 4.502000889284127e-06, 'epoch': 1.0}
{'eval_loss': 0.8153712749481201, 'eval_accuracy': 0.7718, 'eval_runtime': 56.4184, 'eval_samples_per_second': 88.624, 'eval_steps_per_second': 44.312, 'epoch': 1.0}
{'loss': 0.7546, 'learning_rate': 4.4908848377056475e-06, 'epoch': 1.02}
{'loss': 0.6926, 'learning_rate': 4.479768786127168e-06, 'epoch': 1.04}
{'loss': 0.7819, 'learning_rate': 4.468652734548688e-06, 'epoch': 1.07}
{'loss': 0.795, 'learning_rate': 4.457536682970209e-06, 'epoch': 1.09}
{'loss': 0.6827, 'learning_rate': 4.44642063139173e-06, 'epoch': 1.11}
{'loss': 0.7713, 'learning_rate': 4.43530457981325e-06, 'epoch': 1.13}
{'loss': 0.6963, 'learning_rate': 4.424188528234771e-06, 'epoch': 1.16}
{'loss': 0.7557, 'learning_rate': 4.413072476656292e-06, 'epoch': 1.18}
{'loss': 0.7001, 'learning_rate': 4.401956425077813e-06, 'epoch': 1.2}
{'loss': 0.6273, 'learning_rate': 4.390840373499333e-06, 'epoch': 1.22}
{'loss': 0.6269, 'learning_rate': 4.379724321920854e-06, 'epoch': 1.24}
{'loss': 0.5821, 'learning_rate': 4.368608270342375e-06, 'epoch': 1.27}
{'loss': 0.5969, 'learning_rate': 4.3574922187638955e-06, 'epoch': 1.29}
{'loss': 0.6542, 'learning_rate': 4.346376167185416e-06, 'epoch': 1.31}
{'loss': 0.5848, 'learning_rate': 4.3352601156069365e-06, 'epoch': 1.33}
{'loss': 0.6077, 'learning_rate': 4.324144064028457e-06, 'epoch': 1.36}
{'loss': 0.5299, 'learning_rate': 4.313028012449978e-06, 'epoch': 1.38}
{'loss': 0.4697, 'learning_rate': 4.301911960871499e-06, 'epoch': 1.4}
{'loss': 0.5171, 'learning_rate': 4.29079590929302e-06, 'epoch': 1.42}
{'loss': 0.5327, 'learning_rate': 4.27967985771454e-06, 'epoch': 1.44}
{'loss': 0.5551, 'learning_rate': 4.268563806136061e-06, 'epoch': 1.47}
{'loss': 0.5446, 'learning_rate': 4.257447754557582e-06, 'epoch': 1.49}
{'loss': 0.5276, 'learning_rate': 4.246331702979103e-06, 'epoch': 1.51}
{'loss': 0.5319, 'learning_rate': 4.235215651400623e-06, 'epoch': 1.53}
{'loss': 0.5243, 'learning_rate': 4.224099599822144e-06, 'epoch': 1.56}
{'loss': 0.4695, 'learning_rate': 4.2129835482436645e-06, 'epoch': 1.58}
{'loss': 0.4791, 'learning_rate': 4.201867496665185e-06, 'epoch': 1.6}
{'loss': 0.5392, 'learning_rate': 4.190751445086705e-06, 'epoch': 1.62}
{'loss': 0.3997, 'learning_rate': 4.179635393508226e-06, 'epoch': 1.64}
{'loss': 0.4654, 'learning_rate': 4.168519341929747e-06, 'epoch': 1.67}
{'loss': 0.487, 'learning_rate': 4.157403290351267e-06, 'epoch': 1.69}
{'loss': 0.4628, 'learning_rate': 4.146287238772788e-06, 'epoch': 1.71}
{'loss': 0.4198, 'learning_rate': 4.135171187194309e-06, 'epoch': 1.73}
{'loss': 0.5195, 'learning_rate': 4.12405513561583e-06, 'epoch': 1.76}
{'loss': 0.3812, 'learning_rate': 4.11293908403735e-06, 'epoch': 1.78}
{'loss': 0.3916, 'learning_rate': 4.101823032458871e-06, 'epoch': 1.8}
{'loss': 0.3757, 'learning_rate': 4.090706980880392e-06, 'epoch': 1.82}
{'loss': 0.4139, 'learning_rate': 4.079590929301912e-06, 'epoch': 1.84}
{'loss': 0.3598, 'learning_rate': 4.0684748777234325e-06, 'epoch': 1.87}
{'loss': 0.3611, 'learning_rate': 4.057358826144953e-06, 'epoch': 1.89}
{'loss': 0.3573, 'learning_rate': 4.046242774566474e-06, 'epoch': 1.91}
{'loss': 0.4162, 'learning_rate': 4.035126722987995e-06, 'epoch': 1.93}
{'loss': 0.4036, 'learning_rate': 4.024010671409515e-06, 'epoch': 1.96}
{'loss': 0.4216, 'learning_rate': 4.012894619831036e-06, 'epoch': 1.98}
{'loss': 0.3926, 'learning_rate': 4.001778568252557e-06, 'epoch': 2.0}
{'eval_loss': 0.38075464963912964, 'eval_accuracy': 0.89, 'eval_runtime': 56.2861, 'eval_samples_per_second': 88.832, 'eval_steps_per_second': 44.416, 'epoch': 2.0}
{'loss': 0.3577, 'learning_rate': 3.990662516674078e-06, 'epoch': 2.02}
{'loss': 0.3866, 'learning_rate': 3.979546465095599e-06, 'epoch': 2.04}
{'loss': 0.426, 'learning_rate': 3.96843041351712e-06, 'epoch': 2.07}
{'loss': 0.4163, 'learning_rate': 3.95731436193864e-06, 'epoch': 2.09}
{'loss': 0.3505, 'learning_rate': 3.9461983103601605e-06, 'epoch': 2.11}
{'loss': 0.3753, 'learning_rate': 3.9350822587816814e-06, 'epoch': 2.13}
{'loss': 0.3118, 'learning_rate': 3.923966207203202e-06, 'epoch': 2.16}
{'loss': 0.3655, 'learning_rate': 3.912850155624722e-06, 'epoch': 2.18}
{'loss': 0.3089, 'learning_rate': 3.901734104046243e-06, 'epoch': 2.2}
{'loss': 0.3259, 'learning_rate': 3.890618052467764e-06, 'epoch': 2.22}
{'loss': 0.3973, 'learning_rate': 3.879502000889284e-06, 'epoch': 2.24}
{'loss': 0.3621, 'learning_rate': 3.868385949310805e-06, 'epoch': 2.27}
{'loss': 0.2783, 'learning_rate': 3.857269897732326e-06, 'epoch': 2.29}
{'loss': 0.3727, 'learning_rate': 3.846153846153847e-06, 'epoch': 2.31}
{'loss': 0.2863, 'learning_rate': 3.835037794575367e-06, 'epoch': 2.33}
{'loss': 0.3141, 'learning_rate': 3.823921742996888e-06, 'epoch': 2.36}
{'loss': 0.2967, 'learning_rate': 3.8128056914184086e-06, 'epoch': 2.38}
{'loss': 0.3484, 'learning_rate': 3.801689639839929e-06, 'epoch': 2.4}
{'loss': 0.3411, 'learning_rate': 3.7905735882614495e-06, 'epoch': 2.42}
{'loss': 0.2739, 'learning_rate': 3.7794575366829704e-06, 'epoch': 2.44}
{'loss': 0.3712, 'learning_rate': 3.7683414851044913e-06, 'epoch': 2.47}
{'loss': 0.3564, 'learning_rate': 3.7572254335260117e-06, 'epoch': 2.49}
{'loss': 0.3527, 'learning_rate': 3.7461093819475326e-06, 'epoch': 2.51}
{'loss': 0.3126, 'learning_rate': 3.7349933303690535e-06, 'epoch': 2.53}
{'loss': 0.2892, 'learning_rate': 3.723877278790574e-06, 'epoch': 2.56}
{'loss': 0.3338, 'learning_rate': 3.7127612272120944e-06, 'epoch': 2.58}
{'loss': 0.3759, 'learning_rate': 3.7016451756336153e-06, 'epoch': 2.6}
{'loss': 0.3404, 'learning_rate': 3.690529124055136e-06, 'epoch': 2.62}
{'loss': 0.2679, 'learning_rate': 3.6794130724766562e-06, 'epoch': 2.64}
{'loss': 0.3251, 'learning_rate': 3.668297020898177e-06, 'epoch': 2.67}
{'loss': 0.3302, 'learning_rate': 3.657180969319698e-06, 'epoch': 2.69}
{'loss': 0.2858, 'learning_rate': 3.646064917741219e-06, 'epoch': 2.71}
{'loss': 0.2422, 'learning_rate': 3.6349488661627393e-06, 'epoch': 2.73}
{'loss': 0.2861, 'learning_rate': 3.6238328145842598e-06, 'epoch': 2.76}
{'loss': 0.2959, 'learning_rate': 3.6127167630057807e-06, 'epoch': 2.78}
{'loss': 0.3071, 'learning_rate': 3.601600711427301e-06, 'epoch': 2.8}
{'loss': 0.356, 'learning_rate': 3.590484659848822e-06, 'epoch': 2.82}
{'loss': 0.3118, 'learning_rate': 3.579368608270343e-06, 'epoch': 2.84}
{'loss': 0.2883, 'learning_rate': 3.5682525566918633e-06, 'epoch': 2.87}
{'loss': 0.2627, 'learning_rate': 3.557136505113384e-06, 'epoch': 2.89}
{'loss': 0.2774, 'learning_rate': 3.5460204535349047e-06, 'epoch': 2.91}
{'loss': 0.2366, 'learning_rate': 3.5349044019564256e-06, 'epoch': 2.93}
{'loss': 0.2847, 'learning_rate': 3.5237883503779464e-06, 'epoch': 2.96}
{'loss': 0.2817, 'learning_rate': 3.5126722987994665e-06, 'epoch': 2.98}
{'loss': 0.3357, 'learning_rate': 3.5015562472209874e-06, 'epoch': 3.0}
{'eval_loss': 0.2883744537830353, 'eval_accuracy': 0.9206, 'eval_runtime': 56.682, 'eval_samples_per_second': 88.211, 'eval_steps_per_second': 44.106, 'epoch': 3.0}
{'loss': 0.2094, 'learning_rate': 3.4904401956425082e-06, 'epoch': 3.02}
{'loss': 0.2382, 'learning_rate': 3.4793241440640287e-06, 'epoch': 3.04}
{'loss': 0.2787, 'learning_rate': 3.468208092485549e-06, 'epoch': 3.07}
{'loss': 0.2736, 'learning_rate': 3.45709204090707e-06, 'epoch': 3.09}
{'loss': 0.2486, 'learning_rate': 3.445975989328591e-06, 'epoch': 3.11}
{'loss': 0.277, 'learning_rate': 3.4348599377501114e-06, 'epoch': 3.13}
{'loss': 0.2459, 'learning_rate': 3.4237438861716323e-06, 'epoch': 3.16}
{'loss': 0.2957, 'learning_rate': 3.412627834593153e-06, 'epoch': 3.18}
{'loss': 0.2798, 'learning_rate': 3.401511783014673e-06, 'epoch': 3.2}
{'loss': 0.3243, 'learning_rate': 3.390395731436194e-06, 'epoch': 3.22}
{'loss': 0.2386, 'learning_rate': 3.379279679857715e-06, 'epoch': 3.24}
{'loss': 0.2641, 'learning_rate': 3.368163628279236e-06, 'epoch': 3.27}
{'loss': 0.2154, 'learning_rate': 3.357047576700756e-06, 'epoch': 3.29}
{'loss': 0.3379, 'learning_rate': 3.3459315251222767e-06, 'epoch': 3.31}
{'loss': 0.2774, 'learning_rate': 3.3348154735437976e-06, 'epoch': 3.33}
{'loss': 0.2849, 'learning_rate': 3.323699421965318e-06, 'epoch': 3.36}
{'loss': 0.3092, 'learning_rate': 3.3125833703868385e-06, 'epoch': 3.38}
{'loss': 0.1916, 'learning_rate': 3.3014673188083594e-06, 'epoch': 3.4}
{'loss': 0.2701, 'learning_rate': 3.2903512672298803e-06, 'epoch': 3.42}
{'loss': 0.2549, 'learning_rate': 3.2792352156514008e-06, 'epoch': 3.44}
{'loss': 0.2628, 'learning_rate': 3.2681191640729217e-06, 'epoch': 3.47}
{'loss': 0.2947, 'learning_rate': 3.2570031124944425e-06, 'epoch': 3.49}
{'loss': 0.24, 'learning_rate': 3.245887060915963e-06, 'epoch': 3.51}
{'loss': 0.2522, 'learning_rate': 3.2347710093374835e-06, 'epoch': 3.53}
{'loss': 0.2819, 'learning_rate': 3.2236549577590043e-06, 'epoch': 3.56}
{'loss': 0.2795, 'learning_rate': 3.2125389061805252e-06, 'epoch': 3.58}
{'loss': 0.3233, 'learning_rate': 3.2014228546020453e-06, 'epoch': 3.6}
{'loss': 0.2654, 'learning_rate': 3.190306803023566e-06, 'epoch': 3.62}
{'loss': 0.3339, 'learning_rate': 3.179190751445087e-06, 'epoch': 3.64}
{'loss': 0.1862, 'learning_rate': 3.168074699866608e-06, 'epoch': 3.67}
{'loss': 0.2291, 'learning_rate': 3.1569586482881284e-06, 'epoch': 3.69}
{'loss': 0.2904, 'learning_rate': 3.145842596709649e-06, 'epoch': 3.71}
{'loss': 0.2792, 'learning_rate': 3.1347265451311697e-06, 'epoch': 3.73}
{'loss': 0.246, 'learning_rate': 3.12361049355269e-06, 'epoch': 3.76}
{'loss': 0.2695, 'learning_rate': 3.112494441974211e-06, 'epoch': 3.78}
{'loss': 0.2806, 'learning_rate': 3.101378390395732e-06, 'epoch': 3.8}
{'loss': 0.2909, 'learning_rate': 3.0902623388172524e-06, 'epoch': 3.82}
{'loss': 0.2719, 'learning_rate': 3.079146287238773e-06, 'epoch': 3.84}
{'loss': 0.1895, 'learning_rate': 3.0680302356602937e-06, 'epoch': 3.87}
{'loss': 0.2982, 'learning_rate': 3.0569141840818146e-06, 'epoch': 3.89}
{'loss': 0.2275, 'learning_rate': 3.0457981325033355e-06, 'epoch': 3.91}
{'loss': 0.2407, 'learning_rate': 3.0346820809248555e-06, 'epoch': 3.93}
{'loss': 0.2365, 'learning_rate': 3.0235660293463764e-06, 'epoch': 3.96}
{'loss': 0.2846, 'learning_rate': 3.0124499777678973e-06, 'epoch': 3.98}
{'loss': 0.2612, 'learning_rate': 3.0013339261894177e-06, 'epoch': 4.0}
{'eval_loss': 0.2534931004047394, 'eval_accuracy': 0.9308, 'eval_runtime': 56.2999, 'eval_samples_per_second': 88.81, 'eval_steps_per_second': 44.405, 'epoch': 4.0}
{'loss': 0.2322, 'learning_rate': 2.990217874610938e-06, 'epoch': 4.02}
{'loss': 0.2638, 'learning_rate': 2.979101823032459e-06, 'epoch': 4.04}
{'loss': 0.2078, 'learning_rate': 2.96798577145398e-06, 'epoch': 4.07}
{'loss': 0.2281, 'learning_rate': 2.9568697198755004e-06, 'epoch': 4.09}
{'loss': 0.2815, 'learning_rate': 2.9457536682970213e-06, 'epoch': 4.11}
{'loss': 0.2334, 'learning_rate': 2.9346376167185418e-06, 'epoch': 4.13}
{'loss': 0.2169, 'learning_rate': 2.9235215651400622e-06, 'epoch': 4.16}
{'loss': 0.2256, 'learning_rate': 2.912405513561583e-06, 'epoch': 4.18}
{'loss': 0.2143, 'learning_rate': 2.901289461983104e-06, 'epoch': 4.2}
{'loss': 0.2375, 'learning_rate': 2.890173410404625e-06, 'epoch': 4.22}
{'loss': 0.2304, 'learning_rate': 2.879057358826145e-06, 'epoch': 4.24}
{'loss': 0.2522, 'learning_rate': 2.8679413072476658e-06, 'epoch': 4.27}
{'loss': 0.2157, 'learning_rate': 2.8568252556691867e-06, 'epoch': 4.29}
{'loss': 0.2492, 'learning_rate': 2.845709204090707e-06, 'epoch': 4.31}
{'loss': 0.2558, 'learning_rate': 2.8345931525122276e-06, 'epoch': 4.33}
{'loss': 0.2535, 'learning_rate': 2.8234771009337485e-06, 'epoch': 4.36}
{'loss': 0.2567, 'learning_rate': 2.8123610493552693e-06, 'epoch': 4.38}
{'loss': 0.3169, 'learning_rate': 2.80124499777679e-06, 'epoch': 4.4}
{'loss': 0.2756, 'learning_rate': 2.7901289461983107e-06, 'epoch': 4.42}
{'loss': 0.2679, 'learning_rate': 2.7790128946198316e-06, 'epoch': 4.44}
{'loss': 0.2853, 'learning_rate': 2.767896843041352e-06, 'epoch': 4.47}
{'loss': 0.2738, 'learning_rate': 2.7567807914628725e-06, 'epoch': 4.49}
{'loss': 0.2232, 'learning_rate': 2.7456647398843934e-06, 'epoch': 4.51}
{'loss': 0.2358, 'learning_rate': 2.7345486883059143e-06, 'epoch': 4.53}
{'loss': 0.2256, 'learning_rate': 2.7234326367274343e-06, 'epoch': 4.56}
{'loss': 0.253, 'learning_rate': 2.712316585148955e-06, 'epoch': 4.58}
{'loss': 0.1895, 'learning_rate': 2.701200533570476e-06, 'epoch': 4.6}
{'loss': 0.2721, 'learning_rate': 2.690084481991997e-06, 'epoch': 4.62}
{'loss': 0.2014, 'learning_rate': 2.678968430413517e-06, 'epoch': 4.64}
{'loss': 0.2085, 'learning_rate': 2.667852378835038e-06, 'epoch': 4.67}
{'loss': 0.2397, 'learning_rate': 2.6567363272565587e-06, 'epoch': 4.69}
{'loss': 0.3237, 'learning_rate': 2.645620275678079e-06, 'epoch': 4.71}
{'loss': 0.2236, 'learning_rate': 2.6345042240996e-06, 'epoch': 4.73}
{'loss': 0.2303, 'learning_rate': 2.623388172521121e-06, 'epoch': 4.76}
{'loss': 0.2401, 'learning_rate': 2.6122721209426414e-06, 'epoch': 4.78}
{'loss': 0.2114, 'learning_rate': 2.601156069364162e-06, 'epoch': 4.8}
{'loss': 0.1913, 'learning_rate': 2.5900400177856828e-06, 'epoch': 4.82}
{'loss': 0.2422, 'learning_rate': 2.5789239662072036e-06, 'epoch': 4.84}
{'loss': 0.2052, 'learning_rate': 2.5678079146287245e-06, 'epoch': 4.87}
{'loss': 0.2244, 'learning_rate': 2.5566918630502446e-06, 'epoch': 4.89}
{'loss': 0.1818, 'learning_rate': 2.5455758114717654e-06, 'epoch': 4.91}
{'loss': 0.2325, 'learning_rate': 2.5344597598932863e-06, 'epoch': 4.93}
{'loss': 0.2969, 'learning_rate': 2.5233437083148068e-06, 'epoch': 4.96}
{'loss': 0.2171, 'learning_rate': 2.5122276567363272e-06, 'epoch': 4.98}
{'loss': 0.2069, 'learning_rate': 2.501111605157848e-06, 'epoch': 5.0}
{'eval_loss': 0.23594047129154205, 'eval_accuracy': 0.9356, 'eval_runtime': 56.5035, 'eval_samples_per_second': 88.49, 'eval_steps_per_second': 44.245, 'epoch': 5.0}
{'loss': 0.1905, 'learning_rate': 2.4899955535793686e-06, 'epoch': 5.02}
{'loss': 0.2709, 'learning_rate': 2.4788795020008895e-06, 'epoch': 5.04}
{'loss': 0.2691, 'learning_rate': 2.4677634504224103e-06, 'epoch': 5.07}
{'loss': 0.2169, 'learning_rate': 2.456647398843931e-06, 'epoch': 5.09}
{'loss': 0.1894, 'learning_rate': 2.4455313472654517e-06, 'epoch': 5.11}
{'loss': 0.2107, 'learning_rate': 2.434415295686972e-06, 'epoch': 5.13}
{'loss': 0.2292, 'learning_rate': 2.423299244108493e-06, 'epoch': 5.16}
{'loss': 0.2052, 'learning_rate': 2.4121831925300135e-06, 'epoch': 5.18}
{'loss': 0.2392, 'learning_rate': 2.4010671409515344e-06, 'epoch': 5.2}
{'loss': 0.2328, 'learning_rate': 2.389951089373055e-06, 'epoch': 5.22}
{'loss': 0.2397, 'learning_rate': 2.3788350377945757e-06, 'epoch': 5.24}
{'loss': 0.1649, 'learning_rate': 2.367718986216096e-06, 'epoch': 5.27}
{'loss': 0.22, 'learning_rate': 2.3566029346376166e-06, 'epoch': 5.29}
{'loss': 0.2145, 'learning_rate': 2.3454868830591375e-06, 'epoch': 5.31}
{'loss': 0.2762, 'learning_rate': 2.3343708314806584e-06, 'epoch': 5.33}
{'loss': 0.1982, 'learning_rate': 2.323254779902179e-06, 'epoch': 5.36}
{'loss': 0.1726, 'learning_rate': 2.3121387283236997e-06, 'epoch': 5.38}
{'loss': 0.2564, 'learning_rate': 2.3010226767452206e-06, 'epoch': 5.4}
{'loss': 0.2564, 'learning_rate': 2.289906625166741e-06, 'epoch': 5.42}
{'loss': 0.2145, 'learning_rate': 2.2787905735882615e-06, 'epoch': 5.44}
{'loss': 0.2524, 'learning_rate': 2.2676745220097824e-06, 'epoch': 5.47}
{'loss': 0.2564, 'learning_rate': 2.256558470431303e-06, 'epoch': 5.49}
{'loss': 0.2914, 'learning_rate': 2.2454424188528237e-06, 'epoch': 5.51}
{'loss': 0.2436, 'learning_rate': 2.234326367274344e-06, 'epoch': 5.53}
{'loss': 0.2043, 'learning_rate': 2.223210315695865e-06, 'epoch': 5.56}
{'loss': 0.2232, 'learning_rate': 2.2120942641173855e-06, 'epoch': 5.58}
{'loss': 0.2625, 'learning_rate': 2.2009782125389064e-06, 'epoch': 5.6}
{'loss': 0.2862, 'learning_rate': 2.189862160960427e-06, 'epoch': 5.62}
{'loss': 0.2345, 'learning_rate': 2.1787461093819478e-06, 'epoch': 5.64}
{'loss': 0.21, 'learning_rate': 2.1676300578034682e-06, 'epoch': 5.67}
{'loss': 0.2028, 'learning_rate': 2.156514006224989e-06, 'epoch': 5.69}
{'loss': 0.2292, 'learning_rate': 2.14539795464651e-06, 'epoch': 5.71}
{'loss': 0.2083, 'learning_rate': 2.1342819030680304e-06, 'epoch': 5.73}
{'loss': 0.2228, 'learning_rate': 2.1231658514895513e-06, 'epoch': 5.76}
{'loss': 0.2017, 'learning_rate': 2.112049799911072e-06, 'epoch': 5.78}
{'loss': 0.2361, 'learning_rate': 2.1009337483325927e-06, 'epoch': 5.8}
{'loss': 0.1735, 'learning_rate': 2.089817696754113e-06, 'epoch': 5.82}
{'loss': 0.1889, 'learning_rate': 2.0787016451756336e-06, 'epoch': 5.84}
{'loss': 0.2475, 'learning_rate': 2.0675855935971545e-06, 'epoch': 5.87}
{'loss': 0.1952, 'learning_rate': 2.056469542018675e-06, 'epoch': 5.89}
{'loss': 0.2362, 'learning_rate': 2.045353490440196e-06, 'epoch': 5.91}
{'loss': 0.2077, 'learning_rate': 2.0342374388617163e-06, 'epoch': 5.93}
{'loss': 0.2378, 'learning_rate': 2.023121387283237e-06, 'epoch': 5.96}
{'loss': 0.1999, 'learning_rate': 2.0120053357047576e-06, 'epoch': 5.98}
{'loss': 0.1959, 'learning_rate': 2.0008892841262785e-06, 'epoch': 6.0}
{'eval_loss': 0.22578300535678864, 'eval_accuracy': 0.937, 'eval_runtime': 56.8619, 'eval_samples_per_second': 87.932, 'eval_steps_per_second': 43.966, 'epoch': 6.0}
{'loss': 0.2873, 'learning_rate': 1.9897732325477994e-06, 'epoch': 6.02}
{'loss': 0.1545, 'learning_rate': 1.97865718096932e-06, 'epoch': 6.04}
{'loss': 0.271, 'learning_rate': 1.9675411293908407e-06, 'epoch': 6.07}
{'loss': 0.2908, 'learning_rate': 1.956425077812361e-06, 'epoch': 6.09}
{'loss': 0.2648, 'learning_rate': 1.945309026233882e-06, 'epoch': 6.11}
{'loss': 0.1815, 'learning_rate': 1.9341929746554025e-06, 'epoch': 6.13}
{'loss': 0.195, 'learning_rate': 1.9230769230769234e-06, 'epoch': 6.16}
{'loss': 0.2453, 'learning_rate': 1.911960871498444e-06, 'epoch': 6.18}
{'loss': 0.2354, 'learning_rate': 1.9008448199199645e-06, 'epoch': 6.2}
{'loss': 0.1658, 'learning_rate': 1.8897287683414852e-06, 'epoch': 6.22}
{'loss': 0.1983, 'learning_rate': 1.8786127167630059e-06, 'epoch': 6.24}
{'loss': 0.1767, 'learning_rate': 1.8674966651845267e-06, 'epoch': 6.27}
{'loss': 0.2057, 'learning_rate': 1.8563806136060472e-06, 'epoch': 6.29}
{'loss': 0.2226, 'learning_rate': 1.845264562027568e-06, 'epoch': 6.31}
{'loss': 0.1985, 'learning_rate': 1.8341485104490885e-06, 'epoch': 6.33}
{'loss': 0.2617, 'learning_rate': 1.8230324588706094e-06, 'epoch': 6.36}
{'loss': 0.2259, 'learning_rate': 1.8119164072921299e-06, 'epoch': 6.38}
{'loss': 0.2198, 'learning_rate': 1.8008003557136506e-06, 'epoch': 6.4}
{'loss': 0.2001, 'learning_rate': 1.7896843041351714e-06, 'epoch': 6.42}
{'loss': 0.2132, 'learning_rate': 1.778568252556692e-06, 'epoch': 6.44}
{'loss': 0.1769, 'learning_rate': 1.7674522009782128e-06, 'epoch': 6.47}
{'loss': 0.162, 'learning_rate': 1.7563361493997332e-06, 'epoch': 6.49}
{'loss': 0.2104, 'learning_rate': 1.7452200978212541e-06, 'epoch': 6.51}
{'loss': 0.2234, 'learning_rate': 1.7341040462427746e-06, 'epoch': 6.53}
{'loss': 0.2067, 'learning_rate': 1.7229879946642955e-06, 'epoch': 6.56}
{'loss': 0.2282, 'learning_rate': 1.7118719430858161e-06, 'epoch': 6.58}
{'loss': 0.1739, 'learning_rate': 1.7007558915073366e-06, 'epoch': 6.6}
{'loss': 0.2146, 'learning_rate': 1.6896398399288575e-06, 'epoch': 6.62}
{'loss': 0.2045, 'learning_rate': 1.678523788350378e-06, 'epoch': 6.64}
{'loss': 0.1894, 'learning_rate': 1.6674077367718988e-06, 'epoch': 6.67}
{'loss': 0.19, 'learning_rate': 1.6562916851934193e-06, 'epoch': 6.69}
{'loss': 0.2169, 'learning_rate': 1.6451756336149402e-06, 'epoch': 6.71}
{'loss': 0.1838, 'learning_rate': 1.6340595820364608e-06, 'epoch': 6.73}
{'loss': 0.1859, 'learning_rate': 1.6229435304579815e-06, 'epoch': 6.76}
{'loss': 0.1789, 'learning_rate': 1.6118274788795022e-06, 'epoch': 6.78}
{'loss': 0.2531, 'learning_rate': 1.6007114273010226e-06, 'epoch': 6.8}
{'loss': 0.2428, 'learning_rate': 1.5895953757225435e-06, 'epoch': 6.82}
{'loss': 0.2354, 'learning_rate': 1.5784793241440642e-06, 'epoch': 6.84}
{'loss': 0.2131, 'learning_rate': 1.5673632725655848e-06, 'epoch': 6.87}
{'loss': 0.2328, 'learning_rate': 1.5562472209871055e-06, 'epoch': 6.89}
{'loss': 0.1986, 'learning_rate': 1.5451311694086262e-06, 'epoch': 6.91}
{'loss': 0.2953, 'learning_rate': 1.5340151178301469e-06, 'epoch': 6.93}
{'loss': 0.2837, 'learning_rate': 1.5228990662516677e-06, 'epoch': 6.96}
{'loss': 0.1885, 'learning_rate': 1.5117830146731882e-06, 'epoch': 6.98}
{'loss': 0.2191, 'learning_rate': 1.5006669630947089e-06, 'epoch': 7.0}
{'eval_loss': 0.21957558393478394, 'eval_accuracy': 0.9388, 'eval_runtime': 56.4481, 'eval_samples_per_second': 88.577, 'eval_steps_per_second': 44.289, 'epoch': 7.0}
{'loss': 0.2464, 'learning_rate': 1.4895509115162295e-06, 'epoch': 7.02}
{'loss': 0.2018, 'learning_rate': 1.4784348599377502e-06, 'epoch': 7.04}
{'loss': 0.2002, 'learning_rate': 1.4673188083592709e-06, 'epoch': 7.07}
{'loss': 0.196, 'learning_rate': 1.4562027567807916e-06, 'epoch': 7.09}
{'loss': 0.1519, 'learning_rate': 1.4450867052023124e-06, 'epoch': 7.11}
{'loss': 0.2298, 'learning_rate': 1.4339706536238329e-06, 'epoch': 7.13}
{'loss': 0.2737, 'learning_rate': 1.4228546020453536e-06, 'epoch': 7.16}
{'loss': 0.2374, 'learning_rate': 1.4117385504668742e-06, 'epoch': 7.18}
{'loss': 0.2416, 'learning_rate': 1.400622498888395e-06, 'epoch': 7.2}
{'loss': 0.2585, 'learning_rate': 1.3895064473099158e-06, 'epoch': 7.22}
{'loss': 0.2104, 'learning_rate': 1.3783903957314362e-06, 'epoch': 7.24}
{'loss': 0.1845, 'learning_rate': 1.3672743441529571e-06, 'epoch': 7.27}
{'loss': 0.239, 'learning_rate': 1.3561582925744776e-06, 'epoch': 7.29}
{'loss': 0.2256, 'learning_rate': 1.3450422409959985e-06, 'epoch': 7.31}
{'loss': 0.2016, 'learning_rate': 1.333926189417519e-06, 'epoch': 7.33}
{'loss': 0.2535, 'learning_rate': 1.3228101378390396e-06, 'epoch': 7.36}
{'loss': 0.2129, 'learning_rate': 1.3116940862605605e-06, 'epoch': 7.38}
{'loss': 0.2098, 'learning_rate': 1.300578034682081e-06, 'epoch': 7.4}
{'loss': 0.2163, 'learning_rate': 1.2894619831036018e-06, 'epoch': 7.42}
{'loss': 0.1981, 'learning_rate': 1.2783459315251223e-06, 'epoch': 7.44}
{'loss': 0.2422, 'learning_rate': 1.2672298799466432e-06, 'epoch': 7.47}
{'loss': 0.2122, 'learning_rate': 1.2561138283681636e-06, 'epoch': 7.49}
{'loss': 0.2175, 'learning_rate': 1.2449977767896843e-06, 'epoch': 7.51}
{'loss': 0.2327, 'learning_rate': 1.2338817252112052e-06, 'epoch': 7.53}
{'loss': 0.2005, 'learning_rate': 1.2227656736327258e-06, 'epoch': 7.56}
{'loss': 0.1691, 'learning_rate': 1.2116496220542465e-06, 'epoch': 7.58}
{'loss': 0.1977, 'learning_rate': 1.2005335704757672e-06, 'epoch': 7.6}
{'loss': 0.1863, 'learning_rate': 1.1894175188972879e-06, 'epoch': 7.62}
{'loss': 0.1727, 'learning_rate': 1.1783014673188083e-06, 'epoch': 7.64}
{'loss': 0.2763, 'learning_rate': 1.1671854157403292e-06, 'epoch': 7.67}
{'loss': 0.1934, 'learning_rate': 1.1560693641618499e-06, 'epoch': 7.69}
{'loss': 0.2349, 'learning_rate': 1.1449533125833705e-06, 'epoch': 7.71}
{'loss': 0.2164, 'learning_rate': 1.1338372610048912e-06, 'epoch': 7.73}
{'loss': 0.1666, 'learning_rate': 1.1227212094264119e-06, 'epoch': 7.76}
{'loss': 0.1705, 'learning_rate': 1.1116051578479325e-06, 'epoch': 7.78}
{'loss': 0.2348, 'learning_rate': 1.1004891062694532e-06, 'epoch': 7.8}
{'loss': 0.2029, 'learning_rate': 1.0893730546909739e-06, 'epoch': 7.82}
{'loss': 0.2053, 'learning_rate': 1.0782570031124946e-06, 'epoch': 7.84}
{'loss': 0.263, 'learning_rate': 1.0671409515340152e-06, 'epoch': 7.87}
{'loss': 0.1534, 'learning_rate': 1.056024899955536e-06, 'epoch': 7.89}
{'loss': 0.1882, 'learning_rate': 1.0449088483770566e-06, 'epoch': 7.91}
{'loss': 0.2179, 'learning_rate': 1.0337927967985772e-06, 'epoch': 7.93}
{'loss': 0.1752, 'learning_rate': 1.022676745220098e-06, 'epoch': 7.96}
{'loss': 0.1962, 'learning_rate': 1.0115606936416186e-06, 'epoch': 7.98}
{'loss': 0.1658, 'learning_rate': 1.0004446420631392e-06, 'epoch': 8.0}
{'eval_loss': 0.21575190126895905, 'eval_accuracy': 0.9398, 'eval_runtime': 56.4199, 'eval_samples_per_second': 88.621, 'eval_steps_per_second': 44.311, 'epoch': 8.0}
{'loss': 0.1881, 'learning_rate': 9.8932859048466e-07, 'epoch': 8.02}
{'loss': 0.2384, 'learning_rate': 9.782125389061806e-07, 'epoch': 8.04}
{'loss': 0.178, 'learning_rate': 9.670964873277013e-07, 'epoch': 8.07}
{'loss': 0.1939, 'learning_rate': 9.55980435749222e-07, 'epoch': 8.09}
{'loss': 0.2029, 'learning_rate': 9.448643841707426e-07, 'epoch': 8.11}
{'loss': 0.1585, 'learning_rate': 9.337483325922634e-07, 'epoch': 8.13}
{'loss': 0.2059, 'learning_rate': 9.22632281013784e-07, 'epoch': 8.16}
{'loss': 0.2329, 'learning_rate': 9.115162294353047e-07, 'epoch': 8.18}
{'loss': 0.2478, 'learning_rate': 9.004001778568253e-07, 'epoch': 8.2}
{'loss': 0.1607, 'learning_rate': 8.89284126278346e-07, 'epoch': 8.22}
{'loss': 0.1715, 'learning_rate': 8.781680746998666e-07, 'epoch': 8.24}
{'loss': 0.2391, 'learning_rate': 8.670520231213873e-07, 'epoch': 8.27}
{'loss': 0.2016, 'learning_rate': 8.559359715429081e-07, 'epoch': 8.29}
{'loss': 0.2301, 'learning_rate': 8.448199199644287e-07, 'epoch': 8.31}
{'loss': 0.2261, 'learning_rate': 8.337038683859494e-07, 'epoch': 8.33}
{'loss': 0.1871, 'learning_rate': 8.225878168074701e-07, 'epoch': 8.36}
{'loss': 0.1883, 'learning_rate': 8.114717652289907e-07, 'epoch': 8.38}
{'loss': 0.2214, 'learning_rate': 8.003557136505113e-07, 'epoch': 8.4}
{'loss': 0.2259, 'learning_rate': 7.892396620720321e-07, 'epoch': 8.42}
{'loss': 0.1804, 'learning_rate': 7.781236104935528e-07, 'epoch': 8.44}
{'loss': 0.1847, 'learning_rate': 7.670075589150734e-07, 'epoch': 8.47}
{'loss': 0.2786, 'learning_rate': 7.558915073365941e-07, 'epoch': 8.49}
{'loss': 0.229, 'learning_rate': 7.447754557581148e-07, 'epoch': 8.51}
{'loss': 0.2024, 'learning_rate': 7.336594041796354e-07, 'epoch': 8.53}
{'loss': 0.1823, 'learning_rate': 7.225433526011562e-07, 'epoch': 8.56}
{'loss': 0.2265, 'learning_rate': 7.114273010226768e-07, 'epoch': 8.58}
{'loss': 0.232, 'learning_rate': 7.003112494441975e-07, 'epoch': 8.6}
{'loss': 0.2038, 'learning_rate': 6.891951978657181e-07, 'epoch': 8.62}
{'loss': 0.2064, 'learning_rate': 6.780791462872388e-07, 'epoch': 8.64}
{'loss': 0.2599, 'learning_rate': 6.669630947087595e-07, 'epoch': 8.67}
{'loss': 0.2359, 'learning_rate': 6.558470431302802e-07, 'epoch': 8.69}
{'loss': 0.2065, 'learning_rate': 6.447309915518009e-07, 'epoch': 8.71}
{'loss': 0.2169, 'learning_rate': 6.336149399733216e-07, 'epoch': 8.73}
{'loss': 0.2035, 'learning_rate': 6.224988883948421e-07, 'epoch': 8.76}
{'loss': 0.2291, 'learning_rate': 6.113828368163629e-07, 'epoch': 8.78}
{'loss': 0.2357, 'learning_rate': 6.002667852378836e-07, 'epoch': 8.8}
{'loss': 0.1726, 'learning_rate': 5.891507336594042e-07, 'epoch': 8.82}
{'loss': 0.1857, 'learning_rate': 5.780346820809249e-07, 'epoch': 8.84}
{'loss': 0.2152, 'learning_rate': 5.669186305024456e-07, 'epoch': 8.87}
{'loss': 0.1483, 'learning_rate': 5.558025789239663e-07, 'epoch': 8.89}
{'loss': 0.2296, 'learning_rate': 5.446865273454869e-07, 'epoch': 8.91}
{'loss': 0.1824, 'learning_rate': 5.335704757670076e-07, 'epoch': 8.93}
{'loss': 0.1977, 'learning_rate': 5.224544241885283e-07, 'epoch': 8.96}
{'loss': 0.1956, 'learning_rate': 5.11338372610049e-07, 'epoch': 8.98}
{'loss': 0.1979, 'learning_rate': 5.002223210315696e-07, 'epoch': 9.0}
{'eval_loss': 0.21370500326156616, 'eval_accuracy': 0.9406, 'eval_runtime': 57.1465, 'eval_samples_per_second': 87.494, 'eval_steps_per_second': 43.747, 'epoch': 9.0}
{'loss': 0.2393, 'learning_rate': 4.891062694530903e-07, 'epoch': 9.02}
{'loss': 0.176, 'learning_rate': 4.77990217874611e-07, 'epoch': 9.04}
{'loss': 0.1769, 'learning_rate': 4.668741662961317e-07, 'epoch': 9.07}
{'loss': 0.1928, 'learning_rate': 4.5575811471765236e-07, 'epoch': 9.09}
{'loss': 0.2047, 'learning_rate': 4.44642063139173e-07, 'epoch': 9.11}
{'loss': 0.215, 'learning_rate': 4.3352601156069365e-07, 'epoch': 9.13}
{'loss': 0.1919, 'learning_rate': 4.2240995998221437e-07, 'epoch': 9.16}
{'loss': 0.2067, 'learning_rate': 4.1129390840373504e-07, 'epoch': 9.18}
{'loss': 0.2408, 'learning_rate': 4.0017785682525566e-07, 'epoch': 9.2}
{'loss': 0.1726, 'learning_rate': 3.890618052467764e-07, 'epoch': 9.22}
{'loss': 0.2125, 'learning_rate': 3.7794575366829705e-07, 'epoch': 9.24}
{'loss': 0.176, 'learning_rate': 3.668297020898177e-07, 'epoch': 9.27}
{'loss': 0.2113, 'learning_rate': 3.557136505113384e-07, 'epoch': 9.29}
{'loss': 0.2168, 'learning_rate': 3.4459759893285906e-07, 'epoch': 9.31}
{'loss': 0.2313, 'learning_rate': 3.3348154735437973e-07, 'epoch': 9.33}
{'loss': 0.1946, 'learning_rate': 3.2236549577590045e-07, 'epoch': 9.36}
{'loss': 0.2295, 'learning_rate': 3.1124944419742107e-07, 'epoch': 9.38}
{'loss': 0.156, 'learning_rate': 3.001333926189418e-07, 'epoch': 9.4}
{'loss': 0.2157, 'learning_rate': 2.8901734104046247e-07, 'epoch': 9.42}
{'loss': 0.2127, 'learning_rate': 2.7790128946198314e-07, 'epoch': 9.44}
{'loss': 0.2069, 'learning_rate': 2.667852378835038e-07, 'epoch': 9.47}
{'loss': 0.2186, 'learning_rate': 2.556691863050245e-07, 'epoch': 9.49}
{'loss': 0.2872, 'learning_rate': 2.4455313472654515e-07, 'epoch': 9.51}
{'loss': 0.2667, 'learning_rate': 2.3343708314806584e-07, 'epoch': 9.53}
{'loss': 0.1593, 'learning_rate': 2.223210315695865e-07, 'epoch': 9.56}
{'loss': 0.22, 'learning_rate': 2.1120497999110718e-07, 'epoch': 9.58}
{'loss': 0.2287, 'learning_rate': 2.0008892841262783e-07, 'epoch': 9.6}
{'loss': 0.1666, 'learning_rate': 1.8897287683414852e-07, 'epoch': 9.62}
{'loss': 0.2178, 'learning_rate': 1.778568252556692e-07, 'epoch': 9.64}
{'loss': 0.2532, 'learning_rate': 1.6674077367718987e-07, 'epoch': 9.67}
{'loss': 0.1934, 'learning_rate': 1.5562472209871054e-07, 'epoch': 9.69}
{'loss': 0.2509, 'learning_rate': 1.4450867052023123e-07, 'epoch': 9.71}
{'loss': 0.2451, 'learning_rate': 1.333926189417519e-07, 'epoch': 9.73}
{'loss': 0.2163, 'learning_rate': 1.2227656736327257e-07, 'epoch': 9.76}
{'loss': 0.1862, 'learning_rate': 1.1116051578479324e-07, 'epoch': 9.78}
{'loss': 0.1585, 'learning_rate': 1.0004446420631391e-07, 'epoch': 9.8}
{'loss': 0.1641, 'learning_rate': 8.89284126278346e-08, 'epoch': 9.82}
{'loss': 0.1717, 'learning_rate': 7.781236104935527e-08, 'epoch': 9.84}
{'loss': 0.2014, 'learning_rate': 6.669630947087595e-08, 'epoch': 9.87}
{'loss': 0.213, 'learning_rate': 5.558025789239662e-08, 'epoch': 9.89}
{'loss': 0.2627, 'learning_rate': 4.44642063139173e-08, 'epoch': 9.91}
{'loss': 0.1589, 'learning_rate': 3.3348154735437976e-08, 'epoch': 9.93}
{'loss': 0.1416, 'learning_rate': 2.223210315695865e-08, 'epoch': 9.96}
{'loss': 0.2046, 'learning_rate': 1.1116051578479325e-08, 'epoch': 9.98}
{'loss': 0.2024, 'learning_rate': 0.0, 'epoch': 10.0}
{'eval_loss': 0.21307139098644257, 'eval_accuracy': 0.9412, 'eval_runtime': 56.479, 'eval_samples_per_second': 88.529, 'eval_steps_per_second': 44.264, 'epoch': 10.0}
{'train_runtime': 6397.5238, 'train_samples_per_second': 70.34, 'train_steps_per_second': 35.17, 'train_loss': 0.4592240288967556, 'epoch': 10.0}

Pretrained model test accuracy: 0.9429

Training ViT from scratch for comparison...
{'loss': 2.2264, 'learning_rate': 4.988888888888889e-06, 'epoch': 0.02}
{'loss': 2.0582, 'learning_rate': 4.977777777777778e-06, 'epoch': 0.04}
{'loss': 1.9827, 'learning_rate': 4.966666666666667e-06, 'epoch': 0.07}
{'loss': 1.9729, 'learning_rate': 4.9555555555555565e-06, 'epoch': 0.09}
{'loss': 1.9276, 'learning_rate': 4.944444444444445e-06, 'epoch': 0.11}
{'loss': 1.9008, 'learning_rate': 4.933333333333334e-06, 'epoch': 0.13}
{'loss': 1.8711, 'learning_rate': 4.922222222222223e-06, 'epoch': 0.16}
{'loss': 1.8711, 'learning_rate': 4.911111111111112e-06, 'epoch': 0.18}
{'loss': 1.8044, 'learning_rate': 4.9000000000000005e-06, 'epoch': 0.2}
{'loss': 1.8435, 'learning_rate': 4.888888888888889e-06, 'epoch': 0.22}
{'loss': 1.7956, 'learning_rate': 4.877777777777778e-06, 'epoch': 0.24}
{'loss': 1.7643, 'learning_rate': 4.866666666666667e-06, 'epoch': 0.27}
{'loss': 1.7308, 'learning_rate': 4.855555555555556e-06, 'epoch': 0.29}
{'loss': 1.7088, 'learning_rate': 4.8444444444444446e-06, 'epoch': 0.31}
{'loss': 1.6981, 'learning_rate': 4.833333333333333e-06, 'epoch': 0.33}
{'loss': 1.7422, 'learning_rate': 4.822222222222222e-06, 'epoch': 0.36}
{'loss': 1.6315, 'learning_rate': 4.811111111111111e-06, 'epoch': 0.38}
{'loss': 1.6672, 'learning_rate': 4.800000000000001e-06, 'epoch': 0.4}
{'loss': 1.7074, 'learning_rate': 4.7888888888888894e-06, 'epoch': 0.42}
{'loss': 1.6639, 'learning_rate': 4.777777777777778e-06, 'epoch': 0.44}
{'loss': 1.6309, 'learning_rate': 4.766666666666667e-06, 'epoch': 0.47}
{'loss': 1.6496, 'learning_rate': 4.755555555555556e-06, 'epoch': 0.49}
{'loss': 1.6033, 'learning_rate': 4.744444444444445e-06, 'epoch': 0.51}
{'loss': 1.6057, 'learning_rate': 4.7333333333333335e-06, 'epoch': 0.53}
{'loss': 1.6003, 'learning_rate': 4.722222222222222e-06, 'epoch': 0.56}
{'loss': 1.5594, 'learning_rate': 4.711111111111111e-06, 'epoch': 0.58}
{'loss': 1.6353, 'learning_rate': 4.7e-06, 'epoch': 0.6}
{'loss': 1.5801, 'learning_rate': 4.6888888888888895e-06, 'epoch': 0.62}
{'loss': 1.5651, 'learning_rate': 4.677777777777778e-06, 'epoch': 0.64}
{'loss': 1.6301, 'learning_rate': 4.666666666666667e-06, 'epoch': 0.67}
{'loss': 1.5202, 'learning_rate': 4.655555555555556e-06, 'epoch': 0.69}
{'loss': 1.5972, 'learning_rate': 4.644444444444445e-06, 'epoch': 0.71}
{'loss': 1.5538, 'learning_rate': 4.633333333333334e-06, 'epoch': 0.73}
{'loss': 1.5691, 'learning_rate': 4.622222222222222e-06, 'epoch': 0.76}
{'loss': 1.5138, 'learning_rate': 4.611111111111112e-06, 'epoch': 0.78}
{'loss': 1.4869, 'learning_rate': 4.600000000000001e-06, 'epoch': 0.8}
{'loss': 1.5057, 'learning_rate': 4.58888888888889e-06, 'epoch': 0.82}
{'loss': 1.4594, 'learning_rate': 4.5777777777777785e-06, 'epoch': 0.84}
{'loss': 1.5268, 'learning_rate': 4.566666666666667e-06, 'epoch': 0.87}
{'loss': 1.5271, 'learning_rate': 4.555555555555556e-06, 'epoch': 0.89}
{'loss': 1.4852, 'learning_rate': 4.544444444444445e-06, 'epoch': 0.91}
{'loss': 1.4365, 'learning_rate': 4.533333333333334e-06, 'epoch': 0.93}
{'loss': 1.5071, 'learning_rate': 4.5222222222222225e-06, 'epoch': 0.96}
{'loss': 1.4934, 'learning_rate': 4.511111111111111e-06, 'epoch': 0.98}
{'loss': 1.4647, 'learning_rate': 4.5e-06, 'epoch': 1.0}
{'eval_loss': 1.4994968175888062, 'eval_accuracy': 0.4864, 'eval_runtime': 56.0002, 'eval_samples_per_second': 89.285, 'eval_steps_per_second': 44.643, 'epoch': 1.0}
{'loss': 1.4112, 'learning_rate': 4.488888888888889e-06, 'epoch': 1.02}
{'loss': 1.4728, 'learning_rate': 4.477777777777778e-06, 'epoch': 1.04}
{'loss': 1.4115, 'learning_rate': 4.4666666666666665e-06, 'epoch': 1.07}
{'loss': 1.4548, 'learning_rate': 4.455555555555555e-06, 'epoch': 1.09}
{'loss': 1.3638, 'learning_rate': 4.444444444444444e-06, 'epoch': 1.11}
{'loss': 1.4137, 'learning_rate': 4.433333333333334e-06, 'epoch': 1.13}
{'loss': 1.4661, 'learning_rate': 4.422222222222223e-06, 'epoch': 1.16}
{'loss': 1.4162, 'learning_rate': 4.411111111111111e-06, 'epoch': 1.18}
{'loss': 1.4716, 'learning_rate': 4.4e-06, 'epoch': 1.2}
{'loss': 1.4566, 'learning_rate': 4.388888888888889e-06, 'epoch': 1.22}
{'loss': 1.4428, 'learning_rate': 4.377777777777778e-06, 'epoch': 1.24}
{'loss': 1.3857, 'learning_rate': 4.366666666666667e-06, 'epoch': 1.27}
{'loss': 1.3896, 'learning_rate': 4.3555555555555555e-06, 'epoch': 1.29}
{'loss': 1.4543, 'learning_rate': 4.344444444444445e-06, 'epoch': 1.31}
{'loss': 1.376, 'learning_rate': 4.333333333333334e-06, 'epoch': 1.33}
{'loss': 1.3567, 'learning_rate': 4.322222222222223e-06, 'epoch': 1.36}
{'loss': 1.4297, 'learning_rate': 4.3111111111111115e-06, 'epoch': 1.38}
{'loss': 1.3778, 'learning_rate': 4.3e-06, 'epoch': 1.4}
{'loss': 1.3969, 'learning_rate': 4.288888888888889e-06, 'epoch': 1.42}
{'loss': 1.4468, 'learning_rate': 4.277777777777778e-06, 'epoch': 1.44}
{'loss': 1.4114, 'learning_rate': 4.266666666666668e-06, 'epoch': 1.47}
{'loss': 1.4287, 'learning_rate': 4.255555555555556e-06, 'epoch': 1.49}
{'loss': 1.4008, 'learning_rate': 4.244444444444445e-06, 'epoch': 1.51}
{'loss': 1.4386, 'learning_rate': 4.233333333333334e-06, 'epoch': 1.53}
{'loss': 1.396, 'learning_rate': 4.222222222222223e-06, 'epoch': 1.56}
{'loss': 1.3959, 'learning_rate': 4.211111111111112e-06, 'epoch': 1.58}
{'loss': 1.3472, 'learning_rate': 4.2000000000000004e-06, 'epoch': 1.6}
{'loss': 1.3676, 'learning_rate': 4.188888888888889e-06, 'epoch': 1.62}
{'loss': 1.406, 'learning_rate': 4.177777777777778e-06, 'epoch': 1.64}
{'loss': 1.3843, 'learning_rate': 4.166666666666667e-06, 'epoch': 1.67}
{'loss': 1.359, 'learning_rate': 4.155555555555556e-06, 'epoch': 1.69}
{'loss': 1.3705, 'learning_rate': 4.1444444444444445e-06, 'epoch': 1.71}
{'loss': 1.3885, 'learning_rate': 4.133333333333333e-06, 'epoch': 1.73}
{'loss': 1.2921, 'learning_rate': 4.122222222222222e-06, 'epoch': 1.76}
{'loss': 1.366, 'learning_rate': 4.111111111111111e-06, 'epoch': 1.78}
{'loss': 1.2912, 'learning_rate': 4.1e-06, 'epoch': 1.8}
{'loss': 1.3978, 'learning_rate': 4.088888888888889e-06, 'epoch': 1.82}
{'loss': 1.3354, 'learning_rate': 4.077777777777778e-06, 'epoch': 1.84}
{'loss': 1.3025, 'learning_rate': 4.066666666666667e-06, 'epoch': 1.87}
{'loss': 1.3791, 'learning_rate': 4.055555555555556e-06, 'epoch': 1.89}
{'loss': 1.296, 'learning_rate': 4.044444444444445e-06, 'epoch': 1.91}
{'loss': 1.2925, 'learning_rate': 4.033333333333333e-06, 'epoch': 1.93}
{'loss': 1.4051, 'learning_rate': 4.022222222222222e-06, 'epoch': 1.96}
{'loss': 1.3455, 'learning_rate': 4.011111111111111e-06, 'epoch': 1.98}
{'loss': 1.2924, 'learning_rate': 4.000000000000001e-06, 'epoch': 2.0}
{'eval_loss': 1.4426028728485107, 'eval_accuracy': 0.5416, 'eval_runtime': 56.3813, 'eval_samples_per_second': 88.682, 'eval_steps_per_second': 44.341, 'epoch': 2.0}
{'loss': 1.3825, 'learning_rate': 3.9888888888888895e-06, 'epoch': 2.02}
{'loss': 1.2977, 'learning_rate': 3.977777777777778e-06, 'epoch': 2.04}
{'loss': 1.3214, 'learning_rate': 3.966666666666667e-06, 'epoch': 2.07}
{'loss': 1.3013, 'learning_rate': 3.955555555555556e-06, 'epoch': 2.09}
{'loss': 1.2888, 'learning_rate': 3.944444444444445e-06, 'epoch': 2.11}
{'loss': 1.3142, 'learning_rate': 3.9333333333333335e-06, 'epoch': 2.13}
{'loss': 1.3181, 'learning_rate': 3.922222222222223e-06, 'epoch': 2.16}
{'loss': 1.2817, 'learning_rate': 3.911111111111112e-06, 'epoch': 2.18}
{'loss': 1.3162, 'learning_rate': 3.900000000000001e-06, 'epoch': 2.2}
{'loss': 1.2882, 'learning_rate': 3.88888888888889e-06, 'epoch': 2.22}
{'loss': 1.2823, 'learning_rate': 3.877777777777778e-06, 'epoch': 2.24}
{'loss': 1.3229, 'learning_rate': 3.866666666666667e-06, 'epoch': 2.27}
{'loss': 1.3005, 'learning_rate': 3.855555555555556e-06, 'epoch': 2.29}
{'loss': 1.277, 'learning_rate': 3.844444444444445e-06, 'epoch': 2.31}
{'loss': 1.264, 'learning_rate': 3.833333333333334e-06, 'epoch': 2.33}
{'loss': 1.2613, 'learning_rate': 3.8222222222222224e-06, 'epoch': 2.36}
{'loss': 1.2739, 'learning_rate': 3.8111111111111117e-06, 'epoch': 2.38}
{'loss': 1.2205, 'learning_rate': 3.8000000000000005e-06, 'epoch': 2.4}
{'loss': 1.3787, 'learning_rate': 3.7888888888888893e-06, 'epoch': 2.42}
{'loss': 1.2458, 'learning_rate': 3.777777777777778e-06, 'epoch': 2.44}
{'loss': 1.2665, 'learning_rate': 3.766666666666667e-06, 'epoch': 2.47}
{'loss': 1.222, 'learning_rate': 3.7555555555555557e-06, 'epoch': 2.49}
{'loss': 1.3383, 'learning_rate': 3.744444444444445e-06, 'epoch': 2.51}
{'loss': 1.2964, 'learning_rate': 3.7333333333333337e-06, 'epoch': 2.53}
{'loss': 1.2937, 'learning_rate': 3.7222222222222225e-06, 'epoch': 2.56}
{'loss': 1.2689, 'learning_rate': 3.7111111111111113e-06, 'epoch': 2.58}
{'loss': 1.2438, 'learning_rate': 3.7e-06, 'epoch': 2.6}
{'loss': 1.2418, 'learning_rate': 3.688888888888889e-06, 'epoch': 2.62}
{'loss': 1.2279, 'learning_rate': 3.6777777777777778e-06, 'epoch': 2.64}
{'loss': 1.3262, 'learning_rate': 3.6666666666666666e-06, 'epoch': 2.67}
{'loss': 1.3201, 'learning_rate': 3.6555555555555562e-06, 'epoch': 2.69}
{'loss': 1.2373, 'learning_rate': 3.644444444444445e-06, 'epoch': 2.71}
{'loss': 1.206, 'learning_rate': 3.633333333333334e-06, 'epoch': 2.73}
{'loss': 1.2523, 'learning_rate': 3.6222222222222226e-06, 'epoch': 2.76}
{'loss': 1.2908, 'learning_rate': 3.6111111111111115e-06, 'epoch': 2.78}
{'loss': 1.2733, 'learning_rate': 3.6000000000000003e-06, 'epoch': 2.8}
{'loss': 1.2277, 'learning_rate': 3.588888888888889e-06, 'epoch': 2.82}
{'loss': 1.299, 'learning_rate': 3.577777777777778e-06, 'epoch': 2.84}
{'loss': 1.3099, 'learning_rate': 3.566666666666667e-06, 'epoch': 2.87}
{'loss': 1.2492, 'learning_rate': 3.555555555555556e-06, 'epoch': 2.89}
{'loss': 1.2763, 'learning_rate': 3.5444444444444447e-06, 'epoch': 2.91}
{'loss': 1.288, 'learning_rate': 3.5333333333333335e-06, 'epoch': 2.93}
{'loss': 1.2717, 'learning_rate': 3.5222222222222223e-06, 'epoch': 2.96}
{'loss': 1.2803, 'learning_rate': 3.511111111111111e-06, 'epoch': 2.98}
{'loss': 1.2728, 'learning_rate': 3.5e-06, 'epoch': 3.0}
{'eval_loss': 1.2685366868972778, 'eval_accuracy': 0.5732, 'eval_runtime': 56.0006, 'eval_samples_per_second': 89.285, 'eval_steps_per_second': 44.642, 'epoch': 3.0}
{'loss': 1.2167, 'learning_rate': 3.4888888888888896e-06, 'epoch': 3.02}
{'loss': 1.2238, 'learning_rate': 3.4777777777777784e-06, 'epoch': 3.04}
{'loss': 1.2514, 'learning_rate': 3.4666666666666672e-06, 'epoch': 3.07}
{'loss': 1.2717, 'learning_rate': 3.455555555555556e-06, 'epoch': 3.09}
{'loss': 1.2118, 'learning_rate': 3.444444444444445e-06, 'epoch': 3.11}
{'loss': 1.2403, 'learning_rate': 3.4333333333333336e-06, 'epoch': 3.13}
{'loss': 1.1657, 'learning_rate': 3.4222222222222224e-06, 'epoch': 3.16}
{'loss': 1.3147, 'learning_rate': 3.4111111111111113e-06, 'epoch': 3.18}
{'loss': 1.2195, 'learning_rate': 3.4000000000000005e-06, 'epoch': 3.2}
{'loss': 1.2217, 'learning_rate': 3.3888888888888893e-06, 'epoch': 3.22}
{'loss': 1.2165, 'learning_rate': 3.377777777777778e-06, 'epoch': 3.24}
{'loss': 1.2082, 'learning_rate': 3.366666666666667e-06, 'epoch': 3.27}
{'loss': 1.237, 'learning_rate': 3.3555555555555557e-06, 'epoch': 3.29}
{'loss': 1.2829, 'learning_rate': 3.3444444444444445e-06, 'epoch': 3.31}
{'loss': 1.2217, 'learning_rate': 3.3333333333333333e-06, 'epoch': 3.33}
{'loss': 1.238, 'learning_rate': 3.322222222222222e-06, 'epoch': 3.36}
{'loss': 1.2075, 'learning_rate': 3.3111111111111118e-06, 'epoch': 3.38}
{'loss': 1.2811, 'learning_rate': 3.3000000000000006e-06, 'epoch': 3.4}
{'loss': 1.1631, 'learning_rate': 3.2888888888888894e-06, 'epoch': 3.42}
{'loss': 1.253, 'learning_rate': 3.277777777777778e-06, 'epoch': 3.44}
{'loss': 1.1433, 'learning_rate': 3.266666666666667e-06, 'epoch': 3.47}
{'loss': 1.2198, 'learning_rate': 3.255555555555556e-06, 'epoch': 3.49}
{'loss': 1.2085, 'learning_rate': 3.2444444444444446e-06, 'epoch': 3.51}
{'loss': 1.224, 'learning_rate': 3.2333333333333334e-06, 'epoch': 3.53}
{'loss': 1.1793, 'learning_rate': 3.2222222222222227e-06, 'epoch': 3.56}
{'loss': 1.2557, 'learning_rate': 3.2111111111111115e-06, 'epoch': 3.58}
{'loss': 1.2389, 'learning_rate': 3.2000000000000003e-06, 'epoch': 3.6}
{'loss': 1.3405, 'learning_rate': 3.188888888888889e-06, 'epoch': 3.62}
{'loss': 1.2353, 'learning_rate': 3.177777777777778e-06, 'epoch': 3.64}
{'loss': 1.1052, 'learning_rate': 3.1666666666666667e-06, 'epoch': 3.67}
{'loss': 1.1874, 'learning_rate': 3.1555555555555555e-06, 'epoch': 3.69}
{'loss': 1.1809, 'learning_rate': 3.144444444444445e-06, 'epoch': 3.71}
{'loss': 1.2315, 'learning_rate': 3.133333333333334e-06, 'epoch': 3.73}
{'loss': 1.1915, 'learning_rate': 3.1222222222222228e-06, 'epoch': 3.76}
{'loss': 1.2178, 'learning_rate': 3.1111111111111116e-06, 'epoch': 3.78}
{'loss': 1.2269, 'learning_rate': 3.1000000000000004e-06, 'epoch': 3.8}
{'loss': 1.255, 'learning_rate': 3.088888888888889e-06, 'epoch': 3.82}
{'loss': 1.1455, 'learning_rate': 3.077777777777778e-06, 'epoch': 3.84}
{'loss': 1.286, 'learning_rate': 3.066666666666667e-06, 'epoch': 3.87}
{'loss': 1.255, 'learning_rate': 3.055555555555556e-06, 'epoch': 3.89}
{'loss': 1.158, 'learning_rate': 3.044444444444445e-06, 'epoch': 3.91}
{'loss': 1.1465, 'learning_rate': 3.0333333333333337e-06, 'epoch': 3.93}
{'loss': 1.1567, 'learning_rate': 3.0222222222222225e-06, 'epoch': 3.96}
{'loss': 1.3214, 'learning_rate': 3.0111111111111113e-06, 'epoch': 3.98}
{'loss': 1.2434, 'learning_rate': 3e-06, 'epoch': 4.0}
{'eval_loss': 1.2130322456359863, 'eval_accuracy': 0.626, 'eval_runtime': 55.9351, 'eval_samples_per_second': 89.389, 'eval_steps_per_second': 44.695, 'epoch': 4.0}
{'loss': 1.1048, 'learning_rate': 2.988888888888889e-06, 'epoch': 4.02}
{'loss': 1.1564, 'learning_rate': 2.9777777777777777e-06, 'epoch': 4.04}
{'loss': 1.1744, 'learning_rate': 2.9666666666666673e-06, 'epoch': 4.07}
{'loss': 1.1847, 'learning_rate': 2.955555555555556e-06, 'epoch': 4.09}
{'loss': 1.1859, 'learning_rate': 2.944444444444445e-06, 'epoch': 4.11}
{'loss': 1.163, 'learning_rate': 2.9333333333333338e-06, 'epoch': 4.13}
{'loss': 1.1318, 'learning_rate': 2.9222222222222226e-06, 'epoch': 4.16}
{'loss': 1.1054, 'learning_rate': 2.9111111111111114e-06, 'epoch': 4.18}
{'loss': 1.0871, 'learning_rate': 2.9e-06, 'epoch': 4.2}
{'loss': 1.2427, 'learning_rate': 2.888888888888889e-06, 'epoch': 4.22}
{'loss': 1.2103, 'learning_rate': 2.8777777777777782e-06, 'epoch': 4.24}
{'loss': 1.1555, 'learning_rate': 2.866666666666667e-06, 'epoch': 4.27}
{'loss': 1.155, 'learning_rate': 2.855555555555556e-06, 'epoch': 4.29}
{'loss': 1.2123, 'learning_rate': 2.8444444444444446e-06, 'epoch': 4.31}
{'loss': 1.234, 'learning_rate': 2.8333333333333335e-06, 'epoch': 4.33}
{'loss': 1.1089, 'learning_rate': 2.8222222222222223e-06, 'epoch': 4.36}
{'loss': 1.1579, 'learning_rate': 2.811111111111111e-06, 'epoch': 4.38}
{'loss': 1.1907, 'learning_rate': 2.8000000000000003e-06, 'epoch': 4.4}
{'loss': 1.229, 'learning_rate': 2.788888888888889e-06, 'epoch': 4.42}
{'loss': 1.1842, 'learning_rate': 2.7777777777777783e-06, 'epoch': 4.44}
{'loss': 1.1009, 'learning_rate': 2.766666666666667e-06, 'epoch': 4.47}
{'loss': 1.2735, 'learning_rate': 2.755555555555556e-06, 'epoch': 4.49}
{'loss': 1.2365, 'learning_rate': 2.7444444444444448e-06, 'epoch': 4.51}
{'loss': 1.1217, 'learning_rate': 2.7333333333333336e-06, 'epoch': 4.53}
{'loss': 0.985, 'learning_rate': 2.7222222222222224e-06, 'epoch': 4.56}
{'loss': 1.2092, 'learning_rate': 2.7111111111111116e-06, 'epoch': 4.58}
{'loss': 1.1383, 'learning_rate': 2.7000000000000004e-06, 'epoch': 4.6}
{'loss': 1.1564, 'learning_rate': 2.6888888888888892e-06, 'epoch': 4.62}
{'loss': 1.2314, 'learning_rate': 2.677777777777778e-06, 'epoch': 4.64}
{'loss': 1.126, 'learning_rate': 2.666666666666667e-06, 'epoch': 4.67}
{'loss': 1.1019, 'learning_rate': 2.6555555555555556e-06, 'epoch': 4.69}
{'loss': 1.3025, 'learning_rate': 2.6444444444444444e-06, 'epoch': 4.71}
{'loss': 1.1586, 'learning_rate': 2.6333333333333332e-06, 'epoch': 4.73}
{'loss': 1.1197, 'learning_rate': 2.6222222222222225e-06, 'epoch': 4.76}
{'loss': 1.1769, 'learning_rate': 2.6111111111111113e-06, 'epoch': 4.78}
{'loss': 1.1938, 'learning_rate': 2.6e-06, 'epoch': 4.8}
{'loss': 1.2048, 'learning_rate': 2.5888888888888893e-06, 'epoch': 4.82}
{'loss': 1.1168, 'learning_rate': 2.577777777777778e-06, 'epoch': 4.84}
{'loss': 1.232, 'learning_rate': 2.566666666666667e-06, 'epoch': 4.87}
{'loss': 1.1873, 'learning_rate': 2.5555555555555557e-06, 'epoch': 4.89}
{'loss': 1.1899, 'learning_rate': 2.5444444444444446e-06, 'epoch': 4.91}
{'loss': 1.165, 'learning_rate': 2.5333333333333338e-06, 'epoch': 4.93}
{'loss': 1.2453, 'learning_rate': 2.5222222222222226e-06, 'epoch': 4.96}
{'loss': 1.2414, 'learning_rate': 2.5111111111111114e-06, 'epoch': 4.98}
{'loss': 1.1254, 'learning_rate': 2.5e-06, 'epoch': 5.0}
{'eval_loss': 1.4133567810058594, 'eval_accuracy': 0.615, 'eval_runtime': 55.9132, 'eval_samples_per_second': 89.424, 'eval_steps_per_second': 44.712, 'epoch': 5.0}
{'loss': 1.0092, 'learning_rate': 2.488888888888889e-06, 'epoch': 5.02}
{'loss': 1.0825, 'learning_rate': 2.4777777777777782e-06, 'epoch': 5.04}
{'loss': 1.1864, 'learning_rate': 2.466666666666667e-06, 'epoch': 5.07}
{'loss': 1.0622, 'learning_rate': 2.455555555555556e-06, 'epoch': 5.09}
{'loss': 1.0983, 'learning_rate': 2.4444444444444447e-06, 'epoch': 5.11}
{'loss': 1.1499, 'learning_rate': 2.4333333333333335e-06, 'epoch': 5.13}
{'loss': 1.1494, 'learning_rate': 2.4222222222222223e-06, 'epoch': 5.16}
{'loss': 1.152, 'learning_rate': 2.411111111111111e-06, 'epoch': 5.18}
{'loss': 1.1965, 'learning_rate': 2.4000000000000003e-06, 'epoch': 5.2}
{'loss': 1.1476, 'learning_rate': 2.388888888888889e-06, 'epoch': 5.22}
{'loss': 1.1443, 'learning_rate': 2.377777777777778e-06, 'epoch': 5.24}
{'loss': 1.1493, 'learning_rate': 2.3666666666666667e-06, 'epoch': 5.27}
{'loss': 1.1921, 'learning_rate': 2.3555555555555555e-06, 'epoch': 5.29}
{'loss': 1.0767, 'learning_rate': 2.3444444444444448e-06, 'epoch': 5.31}
{'loss': 1.1046, 'learning_rate': 2.3333333333333336e-06, 'epoch': 5.33}
{'loss': 1.1742, 'learning_rate': 2.3222222222222224e-06, 'epoch': 5.36}
{'loss': 1.1047, 'learning_rate': 2.311111111111111e-06, 'epoch': 5.38}
{'loss': 1.0934, 'learning_rate': 2.3000000000000004e-06, 'epoch': 5.4}
{'loss': 1.1796, 'learning_rate': 2.2888888888888892e-06, 'epoch': 5.42}
{'loss': 1.1129, 'learning_rate': 2.277777777777778e-06, 'epoch': 5.44}
{'loss': 1.2238, 'learning_rate': 2.266666666666667e-06, 'epoch': 5.47}
{'loss': 1.1181, 'learning_rate': 2.2555555555555557e-06, 'epoch': 5.49}
{'loss': 1.1985, 'learning_rate': 2.2444444444444445e-06, 'epoch': 5.51}
{'loss': 1.108, 'learning_rate': 2.2333333333333333e-06, 'epoch': 5.53}
{'loss': 1.0443, 'learning_rate': 2.222222222222222e-06, 'epoch': 5.56}
{'loss': 1.1914, 'learning_rate': 2.2111111111111113e-06, 'epoch': 5.58}
{'loss': 1.1369, 'learning_rate': 2.2e-06, 'epoch': 5.6}
{'loss': 1.1208, 'learning_rate': 2.188888888888889e-06, 'epoch': 5.62}
{'loss': 1.049, 'learning_rate': 2.1777777777777777e-06, 'epoch': 5.64}
{'loss': 1.1062, 'learning_rate': 2.166666666666667e-06, 'epoch': 5.67}
{'loss': 1.138, 'learning_rate': 2.1555555555555558e-06, 'epoch': 5.69}
{'loss': 1.2281, 'learning_rate': 2.1444444444444446e-06, 'epoch': 5.71}
{'loss': 1.1621, 'learning_rate': 2.133333333333334e-06, 'epoch': 5.73}
{'loss': 1.1511, 'learning_rate': 2.1222222222222226e-06, 'epoch': 5.76}
{'loss': 1.0605, 'learning_rate': 2.1111111111111114e-06, 'epoch': 5.78}
{'loss': 1.1128, 'learning_rate': 2.1000000000000002e-06, 'epoch': 5.8}
{'loss': 1.0693, 'learning_rate': 2.088888888888889e-06, 'epoch': 5.82}
{'loss': 1.1285, 'learning_rate': 2.077777777777778e-06, 'epoch': 5.84}
{'loss': 1.1783, 'learning_rate': 2.0666666666666666e-06, 'epoch': 5.87}
{'loss': 1.1158, 'learning_rate': 2.0555555555555555e-06, 'epoch': 5.89}
{'loss': 1.1621, 'learning_rate': 2.0444444444444447e-06, 'epoch': 5.91}
{'loss': 1.1055, 'learning_rate': 2.0333333333333335e-06, 'epoch': 5.93}
{'loss': 1.197, 'learning_rate': 2.0222222222222223e-06, 'epoch': 5.96}
{'loss': 1.1615, 'learning_rate': 2.011111111111111e-06, 'epoch': 5.98}
{'loss': 1.1432, 'learning_rate': 2.0000000000000003e-06, 'epoch': 6.0}
{'eval_loss': 1.4059542417526245, 'eval_accuracy': 0.652, 'eval_runtime': 56.14, 'eval_samples_per_second': 89.063, 'eval_steps_per_second': 44.532, 'epoch': 6.0}
{'loss': 0.9642, 'learning_rate': 1.988888888888889e-06, 'epoch': 6.02}
{'loss': 1.0757, 'learning_rate': 1.977777777777778e-06, 'epoch': 6.04}
{'loss': 1.0926, 'learning_rate': 1.9666666666666668e-06, 'epoch': 6.07}
{'loss': 1.0609, 'learning_rate': 1.955555555555556e-06, 'epoch': 6.09}
{'loss': 1.0778, 'learning_rate': 1.944444444444445e-06, 'epoch': 6.11}
{'loss': 1.0899, 'learning_rate': 1.9333333333333336e-06, 'epoch': 6.13}
{'loss': 1.111, 'learning_rate': 1.9222222222222224e-06, 'epoch': 6.16}
{'loss': 1.0541, 'learning_rate': 1.9111111111111112e-06, 'epoch': 6.18}
{'loss': 1.0725, 'learning_rate': 1.9000000000000002e-06, 'epoch': 6.2}
{'loss': 0.9415, 'learning_rate': 1.888888888888889e-06, 'epoch': 6.22}
{'loss': 1.0906, 'learning_rate': 1.8777777777777778e-06, 'epoch': 6.24}
{'loss': 1.0749, 'learning_rate': 1.8666666666666669e-06, 'epoch': 6.27}
{'loss': 1.0858, 'learning_rate': 1.8555555555555557e-06, 'epoch': 6.29}
{'loss': 0.9939, 'learning_rate': 1.8444444444444445e-06, 'epoch': 6.31}
{'loss': 1.0009, 'learning_rate': 1.8333333333333333e-06, 'epoch': 6.33}
{'loss': 1.0419, 'learning_rate': 1.8222222222222225e-06, 'epoch': 6.36}
{'loss': 1.0617, 'learning_rate': 1.8111111111111113e-06, 'epoch': 6.38}
{'loss': 1.1058, 'learning_rate': 1.8000000000000001e-06, 'epoch': 6.4}
{'loss': 1.085, 'learning_rate': 1.788888888888889e-06, 'epoch': 6.42}
{'loss': 1.0463, 'learning_rate': 1.777777777777778e-06, 'epoch': 6.44}
{'loss': 1.1156, 'learning_rate': 1.7666666666666668e-06, 'epoch': 6.47}
{'loss': 1.1479, 'learning_rate': 1.7555555555555556e-06, 'epoch': 6.49}
{'loss': 1.0899, 'learning_rate': 1.7444444444444448e-06, 'epoch': 6.51}
{'loss': 1.0657, 'learning_rate': 1.7333333333333336e-06, 'epoch': 6.53}
{'loss': 1.145, 'learning_rate': 1.7222222222222224e-06, 'epoch': 6.56}
{'loss': 1.1864, 'learning_rate': 1.7111111111111112e-06, 'epoch': 6.58}
{'loss': 1.0143, 'learning_rate': 1.7000000000000002e-06, 'epoch': 6.6}
{'loss': 1.2091, 'learning_rate': 1.688888888888889e-06, 'epoch': 6.62}
{'loss': 1.106, 'learning_rate': 1.6777777777777779e-06, 'epoch': 6.64}
{'loss': 1.0832, 'learning_rate': 1.6666666666666667e-06, 'epoch': 6.67}
{'loss': 1.0105, 'learning_rate': 1.6555555555555559e-06, 'epoch': 6.69}
{'loss': 1.1526, 'learning_rate': 1.6444444444444447e-06, 'epoch': 6.71}
{'loss': 1.0294, 'learning_rate': 1.6333333333333335e-06, 'epoch': 6.73}
{'loss': 1.0012, 'learning_rate': 1.6222222222222223e-06, 'epoch': 6.76}
{'loss': 1.1774, 'learning_rate': 1.6111111111111113e-06, 'epoch': 6.78}
{'loss': 1.0437, 'learning_rate': 1.6000000000000001e-06, 'epoch': 6.8}
{'loss': 1.0997, 'learning_rate': 1.588888888888889e-06, 'epoch': 6.82}
{'loss': 1.0933, 'learning_rate': 1.5777777777777778e-06, 'epoch': 6.84}
{'loss': 0.9936, 'learning_rate': 1.566666666666667e-06, 'epoch': 6.87}
{'loss': 1.1605, 'learning_rate': 1.5555555555555558e-06, 'epoch': 6.89}
{'loss': 1.1132, 'learning_rate': 1.5444444444444446e-06, 'epoch': 6.91}
{'loss': 1.1666, 'learning_rate': 1.5333333333333334e-06, 'epoch': 6.93}
{'loss': 1.1249, 'learning_rate': 1.5222222222222224e-06, 'epoch': 6.96}
{'loss': 1.0687, 'learning_rate': 1.5111111111111112e-06, 'epoch': 6.98}
{'loss': 1.063, 'learning_rate': 1.5e-06, 'epoch': 7.0}
{'eval_loss': 1.6026133298873901, 'eval_accuracy': 0.6568, 'eval_runtime': 56.0397, 'eval_samples_per_second': 89.222, 'eval_steps_per_second': 44.611, 'epoch': 7.0}
{'loss': 1.0551, 'learning_rate': 1.4888888888888888e-06, 'epoch': 7.02}
{'loss': 0.9237, 'learning_rate': 1.477777777777778e-06, 'epoch': 7.04}
{'loss': 0.9773, 'learning_rate': 1.4666666666666669e-06, 'epoch': 7.07}
{'loss': 0.9609, 'learning_rate': 1.4555555555555557e-06, 'epoch': 7.09}
{'loss': 0.9261, 'learning_rate': 1.4444444444444445e-06, 'epoch': 7.11}
{'loss': 1.0089, 'learning_rate': 1.4333333333333335e-06, 'epoch': 7.13}
{'loss': 1.0571, 'learning_rate': 1.4222222222222223e-06, 'epoch': 7.16}
{'loss': 0.9218, 'learning_rate': 1.4111111111111111e-06, 'epoch': 7.18}
{'loss': 1.065, 'learning_rate': 1.4000000000000001e-06, 'epoch': 7.2}
{'loss': 1.0253, 'learning_rate': 1.3888888888888892e-06, 'epoch': 7.22}
{'loss': 1.1787, 'learning_rate': 1.377777777777778e-06, 'epoch': 7.24}
{'loss': 1.0011, 'learning_rate': 1.3666666666666668e-06, 'epoch': 7.27}
{'loss': 1.0711, 'learning_rate': 1.3555555555555558e-06, 'epoch': 7.29}
{'loss': 0.9337, 'learning_rate': 1.3444444444444446e-06, 'epoch': 7.31}
{'loss': 1.0535, 'learning_rate': 1.3333333333333334e-06, 'epoch': 7.33}
{'loss': 1.1095, 'learning_rate': 1.3222222222222222e-06, 'epoch': 7.36}
{'loss': 0.9334, 'learning_rate': 1.3111111111111112e-06, 'epoch': 7.38}
{'loss': 0.9413, 'learning_rate': 1.3e-06, 'epoch': 7.4}
{'loss': 0.9177, 'learning_rate': 1.288888888888889e-06, 'epoch': 7.42}
{'loss': 0.8671, 'learning_rate': 1.2777777777777779e-06, 'epoch': 7.44}
{'loss': 1.0383, 'learning_rate': 1.2666666666666669e-06, 'epoch': 7.47}
{'loss': 1.0257, 'learning_rate': 1.2555555555555557e-06, 'epoch': 7.49}
{'loss': 0.9986, 'learning_rate': 1.2444444444444445e-06, 'epoch': 7.51}
{'loss': 0.9159, 'learning_rate': 1.2333333333333335e-06, 'epoch': 7.53}
{'loss': 1.0083, 'learning_rate': 1.2222222222222223e-06, 'epoch': 7.56}
{'loss': 0.9194, 'learning_rate': 1.2111111111111111e-06, 'epoch': 7.58}
{'loss': 1.0787, 'learning_rate': 1.2000000000000002e-06, 'epoch': 7.6}
{'loss': 0.9939, 'learning_rate': 1.188888888888889e-06, 'epoch': 7.62}
{'loss': 1.0795, 'learning_rate': 1.1777777777777778e-06, 'epoch': 7.64}
{'loss': 0.9739, 'learning_rate': 1.1666666666666668e-06, 'epoch': 7.67}
{'loss': 0.9976, 'learning_rate': 1.1555555555555556e-06, 'epoch': 7.69}
{'loss': 0.9607, 'learning_rate': 1.1444444444444446e-06, 'epoch': 7.71}
{'loss': 1.1152, 'learning_rate': 1.1333333333333334e-06, 'epoch': 7.73}
{'loss': 1.0473, 'learning_rate': 1.1222222222222222e-06, 'epoch': 7.76}
{'loss': 0.9302, 'learning_rate': 1.111111111111111e-06, 'epoch': 7.78}
{'loss': 1.027, 'learning_rate': 1.1e-06, 'epoch': 7.8}
{'loss': 0.9543, 'learning_rate': 1.0888888888888889e-06, 'epoch': 7.82}
{'loss': 0.9956, 'learning_rate': 1.0777777777777779e-06, 'epoch': 7.84}
{'loss': 0.9392, 'learning_rate': 1.066666666666667e-06, 'epoch': 7.87}
{'loss': 0.9015, 'learning_rate': 1.0555555555555557e-06, 'epoch': 7.89}
{'loss': 0.9374, 'learning_rate': 1.0444444444444445e-06, 'epoch': 7.91}
{'loss': 1.0838, 'learning_rate': 1.0333333333333333e-06, 'epoch': 7.93}
{'loss': 0.9509, 'learning_rate': 1.0222222222222223e-06, 'epoch': 7.96}
{'loss': 0.9024, 'learning_rate': 1.0111111111111111e-06, 'epoch': 7.98}
{'loss': 0.9623, 'learning_rate': 1.0000000000000002e-06, 'epoch': 8.0}
{'eval_loss': 1.6596260070800781, 'eval_accuracy': 0.6686, 'eval_runtime': 56.0176, 'eval_samples_per_second': 89.258, 'eval_steps_per_second': 44.629, 'epoch': 8.0}
{'loss': 0.8857, 'learning_rate': 9.88888888888889e-07, 'epoch': 8.02}
{'loss': 0.8365, 'learning_rate': 9.77777777777778e-07, 'epoch': 8.04}
{'loss': 0.8519, 'learning_rate': 9.666666666666668e-07, 'epoch': 8.07}
{'loss': 0.7715, 'learning_rate': 9.555555555555556e-07, 'epoch': 8.09}
{'loss': 0.9866, 'learning_rate': 9.444444444444445e-07, 'epoch': 8.11}
{'loss': 0.8868, 'learning_rate': 9.333333333333334e-07, 'epoch': 8.13}
{'loss': 0.822, 'learning_rate': 9.222222222222222e-07, 'epoch': 8.16}
{'loss': 0.7408, 'learning_rate': 9.111111111111113e-07, 'epoch': 8.18}
{'loss': 0.8663, 'learning_rate': 9.000000000000001e-07, 'epoch': 8.2}
{'loss': 0.7756, 'learning_rate': 8.88888888888889e-07, 'epoch': 8.22}
{'loss': 0.7821, 'learning_rate': 8.777777777777778e-07, 'epoch': 8.24}
{'loss': 0.8404, 'learning_rate': 8.666666666666668e-07, 'epoch': 8.27}
{'loss': 0.9478, 'learning_rate': 8.555555555555556e-07, 'epoch': 8.29}
{'loss': 0.8639, 'learning_rate': 8.444444444444445e-07, 'epoch': 8.31}
{'loss': 0.9052, 'learning_rate': 8.333333333333333e-07, 'epoch': 8.33}
{'loss': 0.8508, 'learning_rate': 8.222222222222223e-07, 'epoch': 8.36}
{'loss': 0.8545, 'learning_rate': 8.111111111111112e-07, 'epoch': 8.38}
{'loss': 1.0077, 'learning_rate': 8.000000000000001e-07, 'epoch': 8.4}
{'loss': 0.7991, 'learning_rate': 7.888888888888889e-07, 'epoch': 8.42}
{'loss': 0.7621, 'learning_rate': 7.777777777777779e-07, 'epoch': 8.44}
{'loss': 0.9541, 'learning_rate': 7.666666666666667e-07, 'epoch': 8.47}
{'loss': 0.94, 'learning_rate': 7.555555555555556e-07, 'epoch': 8.49}
{'loss': 1.0148, 'learning_rate': 7.444444444444444e-07, 'epoch': 8.51}
{'loss': 0.9084, 'learning_rate': 7.333333333333334e-07, 'epoch': 8.53}
{'loss': 0.7698, 'learning_rate': 7.222222222222222e-07, 'epoch': 8.56}
{'loss': 0.8689, 'learning_rate': 7.111111111111112e-07, 'epoch': 8.58}
{'loss': 0.9752, 'learning_rate': 7.000000000000001e-07, 'epoch': 8.6}
{'loss': 0.9176, 'learning_rate': 6.88888888888889e-07, 'epoch': 8.62}
{'loss': 0.9633, 'learning_rate': 6.777777777777779e-07, 'epoch': 8.64}
{'loss': 0.8845, 'learning_rate': 6.666666666666667e-07, 'epoch': 8.67}
{'loss': 0.8663, 'learning_rate': 6.555555555555556e-07, 'epoch': 8.69}
{'loss': 0.8806, 'learning_rate': 6.444444444444445e-07, 'epoch': 8.71}
{'loss': 0.7683, 'learning_rate': 6.333333333333334e-07, 'epoch': 8.73}
{'loss': 0.8804, 'learning_rate': 6.222222222222223e-07, 'epoch': 8.76}
{'loss': 0.9157, 'learning_rate': 6.111111111111112e-07, 'epoch': 8.78}
{'loss': 0.9037, 'learning_rate': 6.000000000000001e-07, 'epoch': 8.8}
{'loss': 0.8376, 'learning_rate': 5.888888888888889e-07, 'epoch': 8.82}
{'loss': 0.8209, 'learning_rate': 5.777777777777778e-07, 'epoch': 8.84}
{'loss': 0.864, 'learning_rate': 5.666666666666667e-07, 'epoch': 8.87}
{'loss': 0.8033, 'learning_rate': 5.555555555555555e-07, 'epoch': 8.89}
{'loss': 0.8642, 'learning_rate': 5.444444444444444e-07, 'epoch': 8.91}
{'loss': 0.9233, 'learning_rate': 5.333333333333335e-07, 'epoch': 8.93}
{'loss': 0.9286, 'learning_rate': 5.222222222222223e-07, 'epoch': 8.96}
{'loss': 0.9804, 'learning_rate': 5.111111111111112e-07, 'epoch': 8.98}
{'loss': 0.8446, 'learning_rate': 5.000000000000001e-07, 'epoch': 9.0}
{'eval_loss': 1.8513456583023071, 'eval_accuracy': 0.6716, 'eval_runtime': 56.1994, 'eval_samples_per_second': 88.969, 'eval_steps_per_second': 44.484, 'epoch': 9.0}
{'loss': 0.7205, 'learning_rate': 4.88888888888889e-07, 'epoch': 9.02}
{'loss': 0.7392, 'learning_rate': 4.777777777777778e-07, 'epoch': 9.04}
{'loss': 0.7304, 'learning_rate': 4.666666666666667e-07, 'epoch': 9.07}
{'loss': 0.6952, 'learning_rate': 4.5555555555555563e-07, 'epoch': 9.09}
{'loss': 0.7383, 'learning_rate': 4.444444444444445e-07, 'epoch': 9.11}
{'loss': 0.7994, 'learning_rate': 4.333333333333334e-07, 'epoch': 9.13}
{'loss': 0.8221, 'learning_rate': 4.2222222222222226e-07, 'epoch': 9.16}
{'loss': 0.6961, 'learning_rate': 4.111111111111112e-07, 'epoch': 9.18}
{'loss': 0.7876, 'learning_rate': 4.0000000000000003e-07, 'epoch': 9.2}
{'loss': 0.754, 'learning_rate': 3.8888888888888895e-07, 'epoch': 9.22}
{'loss': 0.6925, 'learning_rate': 3.777777777777778e-07, 'epoch': 9.24}
{'loss': 0.6625, 'learning_rate': 3.666666666666667e-07, 'epoch': 9.27}
{'loss': 0.661, 'learning_rate': 3.555555555555556e-07, 'epoch': 9.29}
{'loss': 0.7828, 'learning_rate': 3.444444444444445e-07, 'epoch': 9.31}
{'loss': 0.6703, 'learning_rate': 3.3333333333333335e-07, 'epoch': 9.33}
{'loss': 0.8189, 'learning_rate': 3.2222222222222227e-07, 'epoch': 9.36}
{'loss': 0.7485, 'learning_rate': 3.111111111111111e-07, 'epoch': 9.38}
{'loss': 0.7063, 'learning_rate': 3.0000000000000004e-07, 'epoch': 9.4}
{'loss': 0.7267, 'learning_rate': 2.888888888888889e-07, 'epoch': 9.42}
{'loss': 0.7002, 'learning_rate': 2.7777777777777776e-07, 'epoch': 9.44}
{'loss': 0.845, 'learning_rate': 2.666666666666667e-07, 'epoch': 9.47}
{'loss': 0.7641, 'learning_rate': 2.555555555555556e-07, 'epoch': 9.49}
{'loss': 0.7307, 'learning_rate': 2.444444444444445e-07, 'epoch': 9.51}
{'loss': 0.8132, 'learning_rate': 2.3333333333333336e-07, 'epoch': 9.53}
{'loss': 0.7372, 'learning_rate': 2.2222222222222224e-07, 'epoch': 9.56}
{'loss': 0.7482, 'learning_rate': 2.1111111111111113e-07, 'epoch': 9.58}
{'loss': 0.7562, 'learning_rate': 2.0000000000000002e-07, 'epoch': 9.6}
{'loss': 0.683, 'learning_rate': 1.888888888888889e-07, 'epoch': 9.62}
{'loss': 0.6993, 'learning_rate': 1.777777777777778e-07, 'epoch': 9.64}
{'loss': 0.7349, 'learning_rate': 1.6666666666666668e-07, 'epoch': 9.67}
{'loss': 0.8551, 'learning_rate': 1.5555555555555556e-07, 'epoch': 9.69}
{'loss': 0.777, 'learning_rate': 1.4444444444444445e-07, 'epoch': 9.71}
{'loss': 0.681, 'learning_rate': 1.3333333333333336e-07, 'epoch': 9.73}
{'loss': 0.7244, 'learning_rate': 1.2222222222222225e-07, 'epoch': 9.76}
{'loss': 0.6023, 'learning_rate': 1.1111111111111112e-07, 'epoch': 9.78}
{'loss': 0.5803, 'learning_rate': 1.0000000000000001e-07, 'epoch': 9.8}
{'loss': 0.7755, 'learning_rate': 8.88888888888889e-08, 'epoch': 9.82}
{'loss': 0.9191, 'learning_rate': 7.777777777777778e-08, 'epoch': 9.84}
{'loss': 0.7175, 'learning_rate': 6.666666666666668e-08, 'epoch': 9.87}
{'loss': 0.7249, 'learning_rate': 5.555555555555556e-08, 'epoch': 9.89}
{'loss': 0.7668, 'learning_rate': 4.444444444444445e-08, 'epoch': 9.91}
{'loss': 0.7213, 'learning_rate': 3.333333333333334e-08, 'epoch': 9.93}
{'loss': 0.6684, 'learning_rate': 2.2222222222222224e-08, 'epoch': 9.96}
{'loss': 0.6541, 'learning_rate': 1.1111111111111112e-08, 'epoch': 9.98}
{'loss': 0.7456, 'learning_rate': 0.0, 'epoch': 10.0}
{'eval_loss': 1.994707465171814, 'eval_accuracy': 0.6714, 'eval_runtime': 56.1374, 'eval_samples_per_second': 89.067, 'eval_steps_per_second': 44.534, 'epoch': 10.0}
{'train_runtime': 13355.6134, 'train_samples_per_second': 33.694, 'train_steps_per_second': 16.847, 'train_loss': 1.1551471664767796, 'epoch': 10.0}

Scratch model test accuracy: 0.6709

Generating comparison plot...
Generating attention visualization...
Attention visualization failed: Input type (torch.FloatTensor) and weight type (torch.cuda.FloatTensor) should be the same or input should be a MKLDNN tensor and weight is a dense tensor

========== SUMMARY ==========
Fine-tuned ViT accuracy: 0.9429
Scratch ViT accuracy:    0.6709
=============================
All results and plots saved in current directory.
